Info: Starting: Create simulation model
Info: qsys-generate C:\Users\Class2018\Documents\Projects\Crypto_wallet\impl\qsys\crypto_wallet.qsys --simulation=VHDL --allow-mixed-language-simulation --output-directory=C:\Users\Class2018\Documents\Projects\Crypto_wallet\impl\qsys\crypto_wallet\simulation --family="Cyclone IV E" --part=EP4CE22F17C6
Progress: Loading qsys/crypto_wallet.qsys
Progress: Reading input file
Progress: Adding buttons_pi [altera_up_avalon_parallel_port 18.0]
Progress: Parameterizing module buttons_pi
Progress: Adding clk_sys [clock_source 18.1]
Progress: Parameterizing module clk_sys
Progress: Adding cpu [altera_nios2_gen2 18.1]
Progress: Parameterizing module cpu
Progress: Adding epcs_flash_controller [altera_avalon_epcs_flash_controller 18.1]
Progress: Parameterizing module epcs_flash_controller
Progress: Adding led_po [altera_up_avalon_parallel_port 18.0]
Progress: Parameterizing module led_po
Progress: Adding sdram [altera_avalon_new_sdram_controller 18.1]
Progress: Parameterizing module sdram
Progress: Adding switch_pi [altera_up_avalon_parallel_port 18.0]
Progress: Parameterizing module switch_pi
Progress: Adding sysid [altera_avalon_sysid_qsys 18.1]
Progress: Parameterizing module sysid
Progress: Adding uart_0 [altera_avalon_uart 18.1]
Progress: Parameterizing module uart_0
Progress: Building connections
Progress: Parameterizing connections
Progress: Validating
Progress: Done reading input file
Info: crypto_wallet.buttons_pi: The Parallel Port is now deprecated. The PIO component (Processor and Peripherals/Peripherals/PIO) should be used instead.
Info: crypto_wallet.epcs_flash_controller: Legacy EPCS/EPCQx1 Flash Controller will only be supported in Quartus Prime Standard Edition in the future release.
Info: crypto_wallet.epcs_flash_controller: Dedicated AS interface is not supported, signals are exported to top level design.
Info: crypto_wallet.led_po: The Parallel Port is now deprecated. The PIO component (Processor and Peripherals/Peripherals/PIO) should be used instead.
Info: crypto_wallet.sdram: SDRAM Controller will only be supported in Quartus Prime Standard Edition in the future release.
Info: crypto_wallet.switch_pi: The Parallel Port is now deprecated. The PIO component (Processor and Peripherals/Peripherals/PIO) should be used instead.
Info: crypto_wallet.sysid: System ID is not assigned automatically. Edit the System ID parameter to provide a unique ID
Info: crypto_wallet.sysid: Time stamp will be automatically updated when this component is generated.
Info: crypto_wallet: Generating crypto_wallet "crypto_wallet" for SIM_VHDL
Info: buttons_pi: Starting Generation of Parallel Port
Warning: buttons_pi: No files generated for fileset SIM_VHDL
Info: buttons_pi: "crypto_wallet" instantiated altera_up_avalon_parallel_port "buttons_pi"
Info: cpu: "crypto_wallet" instantiated altera_nios2_gen2 "cpu"
Info: epcs_flash_controller: Starting RTL generation for module 'crypto_wallet_epcs_flash_controller'
Info: epcs_flash_controller:   Generation command is [exec C:/intelfpga_lite/18.1/quartus/bin64/perl/bin/perl.exe -I C:/intelfpga_lite/18.1/quartus/bin64/perl/lib -I C:/intelfpga_lite/18.1/quartus/sopc_builder/bin/europa -I C:/intelfpga_lite/18.1/quartus/sopc_builder/bin/perl_lib -I C:/intelfpga_lite/18.1/quartus/sopc_builder/bin -I C:/intelfpga_lite/18.1/quartus/../ip/altera/sopc_builder_ip/common -I C:/intelfpga_lite/18.1/quartus/../ip/altera/sopc_builder_ip/altera_avalon_epcs_flash_controller -- C:/intelfpga_lite/18.1/quartus/../ip/altera/sopc_builder_ip/altera_avalon_epcs_flash_controller/generate_rtl.pl --name=crypto_wallet_epcs_flash_controller --dir=C:/Users/CLASS2~1/AppData/Local/Temp/alt7862_5243813312583509417.dir/0003_epcs_flash_controller_gen/ --quartus_dir=C:/intelfpga_lite/18.1/quartus --vhdl --config=C:/Users/CLASS2~1/AppData/Local/Temp/alt7862_5243813312583509417.dir/0003_epcs_flash_controller_gen//crypto_wallet_epcs_flash_controller_component_configuration.pl  --do_build_sim=1    --sim_dir=C:/Users/CLASS2~1/AppData/Local/Temp/alt7862_5243813312583509417.dir/0003_epcs_flash_controller_gen/  ]
Info: epcs_flash_controller: Done RTL generation for module 'crypto_wallet_epcs_flash_controller'
Info: epcs_flash_controller: "crypto_wallet" instantiated altera_avalon_epcs_flash_controller "epcs_flash_controller"
Info: led_po: Starting Generation of Parallel Port
Warning: led_po: No files generated for fileset SIM_VHDL
Info: led_po: "crypto_wallet" instantiated altera_up_avalon_parallel_port "led_po"
Info: sdram: Starting RTL generation for module 'crypto_wallet_sdram'
Info: sdram:   Generation command is [exec C:/intelfpga_lite/18.1/quartus/bin64/perl/bin/perl.exe -I C:/intelfpga_lite/18.1/quartus/bin64/perl/lib -I C:/intelfpga_lite/18.1/quartus/sopc_builder/bin/europa -I C:/intelfpga_lite/18.1/quartus/sopc_builder/bin/perl_lib -I C:/intelfpga_lite/18.1/quartus/sopc_builder/bin -I C:/intelfpga_lite/18.1/quartus/../ip/altera/sopc_builder_ip/common -I C:/intelfpga_lite/18.1/quartus/../ip/altera/sopc_builder_ip/altera_avalon_new_sdram_controller -- C:/intelfpga_lite/18.1/quartus/../ip/altera/sopc_builder_ip/altera_avalon_new_sdram_controller/generate_rtl.pl --name=crypto_wallet_sdram --dir=C:/Users/CLASS2~1/AppData/Local/Temp/alt7862_5243813312583509417.dir/0005_sdram_gen/ --quartus_dir=C:/intelfpga_lite/18.1/quartus --vhdl --config=C:/Users/CLASS2~1/AppData/Local/Temp/alt7862_5243813312583509417.dir/0005_sdram_gen//crypto_wallet_sdram_component_configuration.pl  --do_build_sim=1    --sim_dir=C:/Users/CLASS2~1/AppData/Local/Temp/alt7862_5243813312583509417.dir/0005_sdram_gen/  ]
Info: sdram: Done RTL generation for module 'crypto_wallet_sdram'
Info: sdram: "crypto_wallet" instantiated altera_avalon_new_sdram_controller "sdram"
Info: switch_pi: Starting Generation of Parallel Port
Warning: switch_pi: No files generated for fileset SIM_VHDL
Info: switch_pi: "crypto_wallet" instantiated altera_up_avalon_parallel_port "switch_pi"
Info: sysid: "crypto_wallet" instantiated altera_avalon_sysid_qsys "sysid"
Info: uart_0: Starting RTL generation for module 'crypto_wallet_uart_0'
Info: uart_0:   Generation command is [exec C:/intelfpga_lite/18.1/quartus/bin64/perl/bin/perl.exe -I C:/intelfpga_lite/18.1/quartus/bin64/perl/lib -I C:/intelfpga_lite/18.1/quartus/sopc_builder/bin/europa -I C:/intelfpga_lite/18.1/quartus/sopc_builder/bin/perl_lib -I C:/intelfpga_lite/18.1/quartus/sopc_builder/bin -I C:/intelfpga_lite/18.1/quartus/../ip/altera/sopc_builder_ip/common -I C:/intelfpga_lite/18.1/quartus/../ip/altera/sopc_builder_ip/altera_avalon_uart -- C:/intelfpga_lite/18.1/quartus/../ip/altera/sopc_builder_ip/altera_avalon_uart/generate_rtl.pl --name=crypto_wallet_uart_0 --dir=C:/Users/CLASS2~1/AppData/Local/Temp/alt7862_5243813312583509417.dir/0008_uart_0_gen/ --quartus_dir=C:/intelfpga_lite/18.1/quartus --vhdl --config=C:/Users/CLASS2~1/AppData/Local/Temp/alt7862_5243813312583509417.dir/0008_uart_0_gen//crypto_wallet_uart_0_component_configuration.pl  --do_build_sim=1    --sim_dir=C:/Users/CLASS2~1/AppData/Local/Temp/alt7862_5243813312583509417.dir/0008_uart_0_gen/  ]
Info: uart_0: Done RTL generation for module 'crypto_wallet_uart_0'
Info: uart_0: "crypto_wallet" instantiated altera_avalon_uart "uart_0"
Info: avalon_st_adapter: Inserting error_adapter: error_adapter_0
Info: avalon_st_adapter_001: Inserting error_adapter: error_adapter_0
Info: avalon_st_adapter_002: Inserting error_adapter: error_adapter_0
Info: avalon_st_adapter_003: Inserting error_adapter: error_adapter_0
Info: avalon_st_adapter_004: Inserting error_adapter: error_adapter_0
Info: avalon_st_adapter_005: Inserting error_adapter: error_adapter_0
Info: avalon_st_adapter_006: Inserting error_adapter: error_adapter_0
Info: avalon_st_adapter_007: Inserting error_adapter: error_adapter_0
Info: mm_interconnect_0: "crypto_wallet" instantiated altera_mm_interconnect "mm_interconnect_0"
Info: irq_mapper: "crypto_wallet" instantiated altera_irq_mapper "irq_mapper"
Info: rst_controller: "crypto_wallet" instantiated altera_reset_controller "rst_controller"
Info: cpu: Starting RTL generation for module 'crypto_wallet_cpu_cpu'
Info: cpu:   Generation command is [exec C:/intelFPGA_lite/18.1/quartus/bin64//eperlcmd.exe -I C:/intelFPGA_lite/18.1/quartus/bin64//perl/lib -I C:/intelfpga_lite/18.1/quartus/sopc_builder/bin/europa -I C:/intelfpga_lite/18.1/quartus/sopc_builder/bin/perl_lib -I C:/intelfpga_lite/18.1/quartus/sopc_builder/bin -I C:/intelfpga_lite/18.1/quartus/../ip/altera/nios2_ip/altera_nios2_gen2/cpu_lib -I C:/intelfpga_lite/18.1/quartus/../ip/altera/nios2_ip/altera_nios2_gen2/nios_lib -I C:/intelfpga_lite/18.1/quartus/../ip/altera/nios2_ip/altera_nios2_gen2 -I C:/intelfpga_lite/18.1/quartus/../ip/altera/nios2_ip/altera_nios2_gen2 -- C:/intelfpga_lite/18.1/quartus/../ip/altera/nios2_ip/altera_nios2_gen2/generate_rtl.epl --name=crypto_wallet_cpu_cpu --dir=C:/Users/CLASS2~1/AppData/Local/Temp/alt7862_5243813312583509417.dir/0011_cpu_gen/ --quartus_bindir=C:/intelFPGA_lite/18.1/quartus/bin64/ --verilog --config=C:/Users/CLASS2~1/AppData/Local/Temp/alt7862_5243813312583509417.dir/0011_cpu_gen//crypto_wallet_cpu_cpu_processor_configuration.pl  --do_build_sim=1    --sim_dir=C:/Users/CLASS2~1/AppData/Local/Temp/alt7862_5243813312583509417.dir/0011_cpu_gen/  ]
Info: cpu: # 2018.11.26 20:41:19 (*) Starting Nios II generation
Info: cpu: # 2018.11.26 20:41:19 (*)   Checking for plaintext license.
Info: cpu: # 2018.11.26 20:41:21 (*)   Couldn't query license setup in Quartus directory C:/intelFPGA_lite/18.1/quartus/bin64/
Info: cpu: # 2018.11.26 20:41:21 (*)   Defaulting to contents of LM_LICENSE_FILE environment variable
Info: cpu: # 2018.11.26 20:41:21 (*)   LM_LICENSE_FILE environment variable is empty
Info: cpu: # 2018.11.26 20:41:21 (*)   Plaintext license not found.
Info: cpu: # 2018.11.26 20:41:21 (*)   No license required to generate encrypted Nios II/e.
Info: cpu: # 2018.11.26 20:41:21 (*)   Elaborating CPU configuration settings
Info: cpu: # 2018.11.26 20:41:21 (*)   Creating all objects for CPU
Info: cpu: # 2018.11.26 20:41:23 (*)   Creating 'C:/Users/CLASS2~1/AppData/Local/Temp/alt7862_5243813312583509417.dir/0011_cpu_gen//crypto_wallet_cpu_cpu_nios2_waves.do'
Info: cpu: # 2018.11.26 20:41:23 (*)   Generating RTL from CPU objects
Info: cpu: # 2018.11.26 20:41:23 (*)   Creating plain-text RTL
Info: cpu: # 2018.11.26 20:41:23 (*) Done Nios II generation
Info: cpu: Done RTL generation for module 'crypto_wallet_cpu_cpu'
Info: cpu: "cpu" instantiated altera_nios2_gen2_unit "cpu"
Info: cpu_data_master_translator: "mm_interconnect_0" instantiated altera_merlin_master_translator "cpu_data_master_translator"
Info: buttons_pi_avalon_parallel_port_slave_translator: "mm_interconnect_0" instantiated altera_merlin_slave_translator "buttons_pi_avalon_parallel_port_slave_translator"
Info: cpu_data_master_agent: "mm_interconnect_0" instantiated altera_merlin_master_agent "cpu_data_master_agent"
Info: buttons_pi_avalon_parallel_port_slave_agent: "mm_interconnect_0" instantiated altera_merlin_slave_agent "buttons_pi_avalon_parallel_port_slave_agent"
Info: buttons_pi_avalon_parallel_port_slave_agent_rsp_fifo: "mm_interconnect_0" instantiated altera_avalon_sc_fifo "buttons_pi_avalon_parallel_port_slave_agent_rsp_fifo"
Info: router: "mm_interconnect_0" instantiated altera_merlin_router "router"
Info: router_001: "mm_interconnect_0" instantiated altera_merlin_router "router_001"
Info: router_002: "mm_interconnect_0" instantiated altera_merlin_router "router_002"
Info: router_006: "mm_interconnect_0" instantiated altera_merlin_router "router_006"
Info: router_008: "mm_interconnect_0" instantiated altera_merlin_router "router_008"
Info: sdram_s1_burst_adapter: "mm_interconnect_0" instantiated altera_merlin_burst_adapter "sdram_s1_burst_adapter"
Info: cmd_demux: "mm_interconnect_0" instantiated altera_merlin_demultiplexer "cmd_demux"
Info: cmd_demux_001: "mm_interconnect_0" instantiated altera_merlin_demultiplexer "cmd_demux_001"
Info: cmd_mux: "mm_interconnect_0" instantiated altera_merlin_multiplexer "cmd_mux"
Info: cmd_mux_004: "mm_interconnect_0" instantiated altera_merlin_multiplexer "cmd_mux_004"
Info: Reusing file C:/Users/Class2018/Documents/Projects/Crypto_wallet/impl/qsys/crypto_wallet/simulation/submodules/altera_merlin_arbitrator.sv
Info: rsp_demux: "mm_interconnect_0" instantiated altera_merlin_demultiplexer "rsp_demux"
Info: rsp_mux: "mm_interconnect_0" instantiated altera_merlin_multiplexer "rsp_mux"
Info: Reusing file C:/Users/Class2018/Documents/Projects/Crypto_wallet/impl/qsys/crypto_wallet/simulation/submodules/altera_merlin_arbitrator.sv
Info: rsp_mux_001: "mm_interconnect_0" instantiated altera_merlin_multiplexer "rsp_mux_001"
Info: Reusing file C:/Users/Class2018/Documents/Projects/Crypto_wallet/impl/qsys/crypto_wallet/simulation/submodules/altera_merlin_arbitrator.sv
Info: sdram_s1_rsp_width_adapter: "mm_interconnect_0" instantiated altera_merlin_width_adapter "sdram_s1_rsp_width_adapter"
Info: Reusing file C:/Users/Class2018/Documents/Projects/Crypto_wallet/impl/qsys/crypto_wallet/simulation/submodules/altera_merlin_address_alignment.sv
Info: Reusing file C:/Users/Class2018/Documents/Projects/Crypto_wallet/impl/qsys/crypto_wallet/simulation/submodules/altera_merlin_burst_uncompressor.sv
Info: avalon_st_adapter: "mm_interconnect_0" instantiated altera_avalon_st_adapter "avalon_st_adapter"
Info: avalon_st_adapter_006: "mm_interconnect_0" instantiated altera_avalon_st_adapter "avalon_st_adapter_006"
Info: error_adapter_0: "avalon_st_adapter" instantiated error_adapter "error_adapter_0"
Info: error_adapter_0: "avalon_st_adapter_006" instantiated error_adapter "error_adapter_0"
Info: crypto_wallet: Done "crypto_wallet" with 36 modules, 62 files
Info: qsys-generate succeeded.
Info: Finished: Create simulation model
Info: Starting: Create Modelsim Project.
Info: sim-script-gen --spd=C:\Users\Class2018\Documents\Projects\Crypto_wallet\impl\qsys\crypto_wallet\crypto_wallet.spd --output-directory=C:/Users/Class2018/Documents/Projects/Crypto_wallet/impl/qsys/crypto_wallet/simulation/ --use-relative-paths=true
Info: Doing: ip-make-simscript --spd=C:\Users\Class2018\Documents\Projects\Crypto_wallet\impl\qsys\crypto_wallet\crypto_wallet.spd --output-directory=C:/Users/Class2018/Documents/Projects/Crypto_wallet/impl/qsys/crypto_wallet/simulation/ --use-relative-paths=true
Info: Generating the following file(s) for MODELSIM simulator in C:/Users/Class2018/Documents/Projects/Crypto_wallet/impl/qsys/crypto_wallet/simulation/ directory:
Info: 	mentor/msim_setup.tcl
Info: Skipping VCS script generation since VHDL file $QUARTUS_INSTALL_DIR/eda/sim_lib/altera_syn_attributes.vhd is required for simulation
Info: Generating the following file(s) for VCSMX simulator in C:/Users/Class2018/Documents/Projects/Crypto_wallet/impl/qsys/crypto_wallet/simulation/ directory:
Info: 	synopsys/vcsmx/synopsys_sim.setup
Info: 	synopsys/vcsmx/vcsmx_setup.sh
Info: Generating the following file(s) for NCSIM simulator in C:/Users/Class2018/Documents/Projects/Crypto_wallet/impl/qsys/crypto_wallet/simulation/ directory:
Info: 	cadence/cds.lib
Info: 	cadence/hdl.var
Info: 	cadence/ncsim_setup.sh
Info: 	30 .cds.lib files in cadence/cds_libs/ directory
Info: Generating the following file(s) for RIVIERA simulator in C:/Users/Class2018/Documents/Projects/Crypto_wallet/impl/qsys/crypto_wallet/simulation/ directory:
Info: 	aldec/rivierapro_setup.tcl
Info: For information on how to simulate your IP, see the explanatory comments in the simulator-specific subdirectories under C:/Users/Class2018/Documents/Projects/Crypto_wallet/impl/qsys/crypto_wallet/simulation/.
Info: Regenerate these scripts whenever you make any change to any Quartus-generated IP in your project.
Info: Finished: Create Modelsim Project.
Info: Starting: Create block symbol file (.bsf)
Info: qsys-generate C:\Users\Class2018\Documents\Projects\Crypto_wallet\impl\qsys\crypto_wallet.qsys --block-symbol-file --output-directory=C:\Users\Class2018\Documents\Projects\Crypto_wallet\impl\qsys\crypto_wallet --family="Cyclone IV E" --part=EP4CE22F17C6
Progress: Loading qsys/crypto_wallet.qsys
Progress: Reading input file
Progress: Adding buttons_pi [altera_up_avalon_parallel_port 18.0]
Progress: Parameterizing module buttons_pi
Progress: Adding clk_sys [clock_source 18.1]
Progress: Parameterizing module clk_sys
Progress: Adding cpu [altera_nios2_gen2 18.1]
Progress: Parameterizing module cpu
Progress: Adding epcs_flash_controller [altera_avalon_epcs_flash_controller 18.1]
Progress: Parameterizing module epcs_flash_controller
Progress: Adding led_po [altera_up_avalon_parallel_port 18.0]
Progress: Parameterizing module led_po
Progress: Adding sdram [altera_avalon_new_sdram_controller 18.1]
Progress: Parameterizing module sdram
Progress: Adding switch_pi [altera_up_avalon_parallel_port 18.0]
Progress: Parameterizing module switch_pi
Progress: Adding sysid [altera_avalon_sysid_qsys 18.1]
Progress: Parameterizing module sysid
Progress: Adding uart_0 [altera_avalon_uart 18.1]
Progress: Parameterizing module uart_0
Progress: Building connections
Progress: Parameterizing connections
Progress: Validating
Progress: Done reading input file
Info: crypto_wallet.buttons_pi: The Parallel Port is now deprecated. The PIO component (Processor and Peripherals/Peripherals/PIO) should be used instead.
Info: crypto_wallet.epcs_flash_controller: Legacy EPCS/EPCQx1 Flash Controller will only be supported in Quartus Prime Standard Edition in the future release.
Info: crypto_wallet.epcs_flash_controller: Dedicated AS interface is not supported, signals are exported to top level design.
Info: crypto_wallet.led_po: The Parallel Port is now deprecated. The PIO component (Processor and Peripherals/Peripherals/PIO) should be used instead.
Info: crypto_wallet.sdram: SDRAM Controller will only be supported in Quartus Prime Standard Edition in the future release.
Info: crypto_wallet.switch_pi: The Parallel Port is now deprecated. The PIO component (Processor and Peripherals/Peripherals/PIO) should be used instead.
Info: crypto_wallet.sysid: System ID is not assigned automatically. Edit the System ID parameter to provide a unique ID
Info: crypto_wallet.sysid: Time stamp will be automatically updated when this component is generated.
Info: qsys-generate succeeded.
Info: Finished: Create block symbol file (.bsf)
Info: 
Info: Starting: Create HDL design files for synthesis
Info: qsys-generate C:\Users\Class2018\Documents\Projects\Crypto_wallet\impl\qsys\crypto_wallet.qsys --synthesis=VHDL --output-directory=C:\Users\Class2018\Documents\Projects\Crypto_wallet\impl\qsys\crypto_wallet\synthesis --family="Cyclone IV E" --part=EP4CE22F17C6
Progress: Loading qsys/crypto_wallet.qsys
Progress: Reading input file
Progress: Adding buttons_pi [altera_up_avalon_parallel_port 18.0]
Progress: Parameterizing module buttons_pi
Progress: Adding clk_sys [clock_source 18.1]
Progress: Parameterizing module clk_sys
Progress: Adding cpu [altera_nios2_gen2 18.1]
Progress: Parameterizing module cpu
Progress: Adding epcs_flash_controller [altera_avalon_epcs_flash_controller 18.1]
Progress: Parameterizing module epcs_flash_controller
Progress: Adding led_po [altera_up_avalon_parallel_port 18.0]
Progress: Parameterizing module led_po
Progress: Adding sdram [altera_avalon_new_sdram_controller 18.1]
Progress: Parameterizing module sdram
Progress: Adding switch_pi [altera_up_avalon_parallel_port 18.0]
Progress: Parameterizing module switch_pi
Progress: Adding sysid [altera_avalon_sysid_qsys 18.1]
Progress: Parameterizing module sysid
Progress: Adding uart_0 [altera_avalon_uart 18.1]
Progress: Parameterizing module uart_0
Progress: Building connections
Progress: Parameterizing connections
Progress: Validating
Progress: Done reading input file
Info: crypto_wallet.buttons_pi: The Parallel Port is now deprecated. The PIO component (Processor and Peripherals/Peripherals/PIO) should be used instead.
Info: crypto_wallet.epcs_flash_controller: Legacy EPCS/EPCQx1 Flash Controller will only be supported in Quartus Prime Standard Edition in the future release.
Info: crypto_wallet.epcs_flash_controller: Dedicated AS interface is not supported, signals are exported to top level design.
Info: crypto_wallet.led_po: The Parallel Port is now deprecated. The PIO component (Processor and Peripherals/Peripherals/PIO) should be used instead.
Info: crypto_wallet.sdram: SDRAM Controller will only be supported in Quartus Prime Standard Edition in the future release.
Info: crypto_wallet.switch_pi: The Parallel Port is now deprecated. The PIO component (Processor and Peripherals/Peripherals/PIO) should be used instead.
Info: crypto_wallet.sysid: System ID is not assigned automatically. Edit the System ID parameter to provide a unique ID
Info: crypto_wallet.sysid: Time stamp will be automatically updated when this component is generated.
Info: crypto_wallet: Generating crypto_wallet "crypto_wallet" for QUARTUS_SYNTH
Info: buttons_pi: Starting Generation of Parallel Port
Info: buttons_pi: "crypto_wallet" instantiated altera_up_avalon_parallel_port "buttons_pi"
Info: cpu: "crypto_wallet" instantiated altera_nios2_gen2 "cpu"
Info: epcs_flash_controller: Starting RTL generation for module 'crypto_wallet_epcs_flash_controller'
Info: epcs_flash_controller:   Generation command is [exec C:/intelfpga_lite/18.1/quartus/bin64/perl/bin/perl.exe -I C:/intelfpga_lite/18.1/quartus/bin64/perl/lib -I C:/intelfpga_lite/18.1/quartus/sopc_builder/bin/europa -I C:/intelfpga_lite/18.1/quartus/sopc_builder/bin/perl_lib -I C:/intelfpga_lite/18.1/quartus/sopc_builder/bin -I C:/intelfpga_lite/18.1/quartus/../ip/altera/sopc_builder_ip/common -I C:/intelfpga_lite/18.1/quartus/../ip/altera/sopc_builder_ip/altera_avalon_epcs_flash_controller -- C:/intelfpga_lite/18.1/quartus/../ip/altera/sopc_builder_ip/altera_avalon_epcs_flash_controller/generate_rtl.pl --name=crypto_wallet_epcs_flash_controller --dir=C:/Users/CLASS2~1/AppData/Local/Temp/alt7862_5243813312583509417.dir/0035_epcs_flash_controller_gen/ --quartus_dir=C:/intelfpga_lite/18.1/quartus --verilog --config=C:/Users/CLASS2~1/AppData/Local/Temp/alt7862_5243813312583509417.dir/0035_epcs_flash_controller_gen//crypto_wallet_epcs_flash_controller_component_configuration.pl  --do_build_sim=0  ]
Info: epcs_flash_controller: Done RTL generation for module 'crypto_wallet_epcs_flash_controller'
Info: epcs_flash_controller: "crypto_wallet" instantiated altera_avalon_epcs_flash_controller "epcs_flash_controller"
Info: led_po: Starting Generation of Parallel Port
Info: led_po: "crypto_wallet" instantiated altera_up_avalon_parallel_port "led_po"
Info: sdram: Starting RTL generation for module 'crypto_wallet_sdram'
Info: sdram:   Generation command is [exec C:/intelfpga_lite/18.1/quartus/bin64/perl/bin/perl.exe -I C:/intelfpga_lite/18.1/quartus/bin64/perl/lib -I C:/intelfpga_lite/18.1/quartus/sopc_builder/bin/europa -I C:/intelfpga_lite/18.1/quartus/sopc_builder/bin/perl_lib -I C:/intelfpga_lite/18.1/quartus/sopc_builder/bin -I C:/intelfpga_lite/18.1/quartus/../ip/altera/sopc_builder_ip/common -I C:/intelfpga_lite/18.1/quartus/../ip/altera/sopc_builder_ip/altera_avalon_new_sdram_controller -- C:/intelfpga_lite/18.1/quartus/../ip/altera/sopc_builder_ip/altera_avalon_new_sdram_controller/generate_rtl.pl --name=crypto_wallet_sdram --dir=C:/Users/CLASS2~1/AppData/Local/Temp/alt7862_5243813312583509417.dir/0037_sdram_gen/ --quartus_dir=C:/intelfpga_lite/18.1/quartus --verilog --config=C:/Users/CLASS2~1/AppData/Local/Temp/alt7862_5243813312583509417.dir/0037_sdram_gen//crypto_wallet_sdram_component_configuration.pl  --do_build_sim=0  ]
Info: sdram: Done RTL generation for module 'crypto_wallet_sdram'
Info: sdram: "crypto_wallet" instantiated altera_avalon_new_sdram_controller "sdram"
Info: switch_pi: Starting Generation of Parallel Port
Info: switch_pi: "crypto_wallet" instantiated altera_up_avalon_parallel_port "switch_pi"
Info: sysid: "crypto_wallet" instantiated altera_avalon_sysid_qsys "sysid"
Info: uart_0: Starting RTL generation for module 'crypto_wallet_uart_0'
Info: uart_0:   Generation command is [exec C:/intelfpga_lite/18.1/quartus/bin64/perl/bin/perl.exe -I C:/intelfpga_lite/18.1/quartus/bin64/perl/lib -I C:/intelfpga_lite/18.1/quartus/sopc_builder/bin/europa -I C:/intelfpga_lite/18.1/quartus/sopc_builder/bin/perl_lib -I C:/intelfpga_lite/18.1/quartus/sopc_builder/bin -I C:/intelfpga_lite/18.1/quartus/../ip/altera/sopc_builder_ip/common -I C:/intelfpga_lite/18.1/quartus/../ip/altera/sopc_builder_ip/altera_avalon_uart -- C:/intelfpga_lite/18.1/quartus/../ip/altera/sopc_builder_ip/altera_avalon_uart/generate_rtl.pl --name=crypto_wallet_uart_0 --dir=C:/Users/CLASS2~1/AppData/Local/Temp/alt7862_5243813312583509417.dir/0040_uart_0_gen/ --quartus_dir=C:/intelfpga_lite/18.1/quartus --verilog --config=C:/Users/CLASS2~1/AppData/Local/Temp/alt7862_5243813312583509417.dir/0040_uart_0_gen//crypto_wallet_uart_0_component_configuration.pl  --do_build_sim=0  ]
Info: uart_0: Done RTL generation for module 'crypto_wallet_uart_0'
Info: uart_0: "crypto_wallet" instantiated altera_avalon_uart "uart_0"
Info: avalon_st_adapter: Inserting error_adapter: error_adapter_0
Info: avalon_st_adapter_001: Inserting error_adapter: error_adapter_0
Info: avalon_st_adapter_002: Inserting error_adapter: error_adapter_0
Info: avalon_st_adapter_003: Inserting error_adapter: error_adapter_0
Info: avalon_st_adapter_004: Inserting error_adapter: error_adapter_0
Info: avalon_st_adapter_005: Inserting error_adapter: error_adapter_0
Info: avalon_st_adapter_006: Inserting error_adapter: error_adapter_0
Info: avalon_st_adapter_007: Inserting error_adapter: error_adapter_0
Info: mm_interconnect_0: "crypto_wallet" instantiated altera_mm_interconnect "mm_interconnect_0"
Info: irq_mapper: "crypto_wallet" instantiated altera_irq_mapper "irq_mapper"
Info: rst_controller: "crypto_wallet" instantiated altera_reset_controller "rst_controller"
Info: cpu: Starting RTL generation for module 'crypto_wallet_cpu_cpu'
Info: cpu:   Generation command is [exec C:/intelFPGA_lite/18.1/quartus/bin64//eperlcmd.exe -I C:/intelFPGA_lite/18.1/quartus/bin64//perl/lib -I C:/intelfpga_lite/18.1/quartus/sopc_builder/bin/europa -I C:/intelfpga_lite/18.1/quartus/sopc_builder/bin/perl_lib -I C:/intelfpga_lite/18.1/quartus/sopc_builder/bin -I C:/intelfpga_lite/18.1/quartus/../ip/altera/nios2_ip/altera_nios2_gen2/cpu_lib -I C:/intelfpga_lite/18.1/quartus/../ip/altera/nios2_ip/altera_nios2_gen2/nios_lib -I C:/intelfpga_lite/18.1/quartus/../ip/altera/nios2_ip/altera_nios2_gen2 -I C:/intelfpga_lite/18.1/quartus/../ip/altera/nios2_ip/altera_nios2_gen2 -- C:/intelfpga_lite/18.1/quartus/../ip/altera/nios2_ip/altera_nios2_gen2/generate_rtl.epl --name=crypto_wallet_cpu_cpu --dir=C:/Users/CLASS2~1/AppData/Local/Temp/alt7862_5243813312583509417.dir/0043_cpu_gen/ --quartus_bindir=C:/intelFPGA_lite/18.1/quartus/bin64/ --verilog --config=C:/Users/CLASS2~1/AppData/Local/Temp/alt7862_5243813312583509417.dir/0043_cpu_gen//crypto_wallet_cpu_cpu_processor_configuration.pl  --do_build_sim=0  ]
Info: cpu: # 2018.11.26 20:41:46 (*) Starting Nios II generation
Info: cpu: # 2018.11.26 20:41:46 (*)   Checking for plaintext license.
Info: cpu: # 2018.11.26 20:41:47 (*)   Couldn't query license setup in Quartus directory C:/intelFPGA_lite/18.1/quartus/bin64/
Info: cpu: # 2018.11.26 20:41:47 (*)   Defaulting to contents of LM_LICENSE_FILE environment variable
Info: cpu: # 2018.11.26 20:41:47 (*)   LM_LICENSE_FILE environment variable is empty
Info: cpu: # 2018.11.26 20:41:47 (*)   Plaintext license not found.
Info: cpu: # 2018.11.26 20:41:47 (*)   No license required to generate encrypted Nios II/e.
Info: cpu: # 2018.11.26 20:41:47 (*)   Elaborating CPU configuration settings
Info: cpu: # 2018.11.26 20:41:47 (*)   Creating all objects for CPU
Info: cpu: # 2018.11.26 20:41:48 (*)   Generating RTL from CPU objects
Info: cpu: # 2018.11.26 20:41:48 (*)   Creating plain-text RTL
Info: cpu: # 2018.11.26 20:41:49 (*) Done Nios II generation
Info: cpu: Done RTL generation for module 'crypto_wallet_cpu_cpu'
Info: cpu: "cpu" instantiated altera_nios2_gen2_unit "cpu"
Info: cpu_data_master_translator: "mm_interconnect_0" instantiated altera_merlin_master_translator "cpu_data_master_translator"
Info: buttons_pi_avalon_parallel_port_slave_translator: "mm_interconnect_0" instantiated altera_merlin_slave_translator "buttons_pi_avalon_parallel_port_slave_translator"
Info: cpu_data_master_agent: "mm_interconnect_0" instantiated altera_merlin_master_agent "cpu_data_master_agent"
Info: buttons_pi_avalon_parallel_port_slave_agent: "mm_interconnect_0" instantiated altera_merlin_slave_agent "buttons_pi_avalon_parallel_port_slave_agent"
Info: buttons_pi_avalon_parallel_port_slave_agent_rsp_fifo: "mm_interconnect_0" instantiated altera_avalon_sc_fifo "buttons_pi_avalon_parallel_port_slave_agent_rsp_fifo"
Info: router: "mm_interconnect_0" instantiated altera_merlin_router "router"
Info: router_001: "mm_interconnect_0" instantiated altera_merlin_router "router_001"
Info: router_002: "mm_interconnect_0" instantiated altera_merlin_router "router_002"
Info: router_006: "mm_interconnect_0" instantiated altera_merlin_router "router_006"
Info: router_008: "mm_interconnect_0" instantiated altera_merlin_router "router_008"
Info: sdram_s1_burst_adapter: "mm_interconnect_0" instantiated altera_merlin_burst_adapter "sdram_s1_burst_adapter"
Info: cmd_demux: "mm_interconnect_0" instantiated altera_merlin_demultiplexer "cmd_demux"
Info: cmd_demux_001: "mm_interconnect_0" instantiated altera_merlin_demultiplexer "cmd_demux_001"
Info: cmd_mux: "mm_interconnect_0" instantiated altera_merlin_multiplexer "cmd_mux"
Info: cmd_mux_004: "mm_interconnect_0" instantiated altera_merlin_multiplexer "cmd_mux_004"
Info: Reusing file C:/Users/Class2018/Documents/Projects/Crypto_wallet/impl/qsys/crypto_wallet/synthesis/submodules/altera_merlin_arbitrator.sv
Info: rsp_demux: "mm_interconnect_0" instantiated altera_merlin_demultiplexer "rsp_demux"
Info: rsp_mux: "mm_interconnect_0" instantiated altera_merlin_multiplexer "rsp_mux"
Info: Reusing file C:/Users/Class2018/Documents/Projects/Crypto_wallet/impl/qsys/crypto_wallet/synthesis/submodules/altera_merlin_arbitrator.sv
Info: rsp_mux_001: "mm_interconnect_0" instantiated altera_merlin_multiplexer "rsp_mux_001"
Info: Reusing file C:/Users/Class2018/Documents/Projects/Crypto_wallet/impl/qsys/crypto_wallet/synthesis/submodules/altera_merlin_arbitrator.sv
Info: sdram_s1_rsp_width_adapter: "mm_interconnect_0" instantiated altera_merlin_width_adapter "sdram_s1_rsp_width_adapter"
Info: Reusing file C:/Users/Class2018/Documents/Projects/Crypto_wallet/impl/qsys/crypto_wallet/synthesis/submodules/altera_merlin_address_alignment.sv
Info: Reusing file C:/Users/Class2018/Documents/Projects/Crypto_wallet/impl/qsys/crypto_wallet/synthesis/submodules/altera_merlin_burst_uncompressor.sv
Info: avalon_st_adapter: "mm_interconnect_0" instantiated altera_avalon_st_adapter "avalon_st_adapter"
Info: avalon_st_adapter_006: "mm_interconnect_0" instantiated altera_avalon_st_adapter "avalon_st_adapter_006"
Info: error_adapter_0: "avalon_st_adapter" instantiated error_adapter "error_adapter_0"
Info: error_adapter_0: "avalon_st_adapter_006" instantiated error_adapter "error_adapter_0"
Info: crypto_wallet: Done "crypto_wallet" with 36 modules, 58 files
Info: qsys-generate succeeded.
Info: Finished: Create HDL design files for synthesis
