21:20:48 **** Build of configuration Nios II for project nios_proj ****
make all 
Info: Building C:/Users/Class2018/Documents/Projects/Crypto_wallet/impl/nios_proj_bsp/
C:/intelFPGA_lite/18.1/nios2eds/bin/gnu/H-x86_64-mingw32/bin/make --no-print-directory -C C:/Users/Class2018/Documents/Projects/Crypto_wallet/impl/nios_proj_bsp/
Compiling alt_alarm_start.c...
nios2-elf-gcc -xc -MP -MMD -c  -I./HAL/inc -I. -I./drivers/inc -pipe -D__hal__ -DALT_NO_INSTRUCTION_EMULATION -DSMALL_C_LIB -DALT_SINGLE_THREADED    -O0 -g -Wall  -mno-hw-div -mno-hw-mul -mno-hw-mulx -mgpopt=global   -o obj/HAL/src/alt_alarm_start.o HAL/src/alt_alarm_start.c
Compiling alt_busy_sleep.c...
nios2-elf-gcc -xc -MP -MMD -c  -I./HAL/inc -I. -I./drivers/inc -pipe -D__hal__ -DALT_NO_INSTRUCTION_EMULATION -DSMALL_C_LIB -DALT_SINGLE_THREADED    -O0 -g -Wall  -mno-hw-div -mno-hw-mul -mno-hw-mulx -mgpopt=global   -o obj/HAL/src/alt_busy_sleep.o HAL/src/alt_busy_sleep.c
Compiling alt_close.c...
nios2-elf-gcc -xc -MP -MMD -c  -I./HAL/inc -I. -I./drivers/inc -pipe -D__hal__ -DALT_NO_INSTRUCTION_EMULATION -DSMALL_C_LIB -DALT_SINGLE_THREADED    -O0 -g -Wall  -mno-hw-div -mno-hw-mul -mno-hw-mulx -mgpopt=global   -o obj/HAL/src/alt_close.o HAL/src/alt_close.c
Compiling alt_dcache_flush.c...
nios2-elf-gcc -xc -MP -MMD -c  -I./HAL/inc -I. -I./drivers/inc -pipe -D__hal__ -DALT_NO_INSTRUCTION_EMULATION -DSMALL_C_LIB -DALT_SINGLE_THREADED    -O0 -g -Wall  -mno-hw-div -mno-hw-mul -mno-hw-mulx -mgpopt=global   -o obj/HAL/src/alt_dcache_flush.o HAL/src/alt_dcache_flush.c
Compiling alt_dcache_flush_all.c...
nios2-elf-gcc -xc -MP -MMD -c  -I./HAL/inc -I. -I./drivers/inc -pipe -D__hal__ -DALT_NO_INSTRUCTION_EMULATION -DSMALL_C_LIB -DALT_SINGLE_THREADED    -O0 -g -Wall  -mno-hw-div -mno-hw-mul -mno-hw-mulx -mgpopt=global   -o obj/HAL/src/alt_dcache_flush_all.o HAL/src/alt_dcache_flush_all.c
Compiling alt_dcache_flush_no_writeback.c...
nios2-elf-gcc -xc -MP -MMD -c  -I./HAL/inc -I. -I./drivers/inc -pipe -D__hal__ -DALT_NO_INSTRUCTION_EMULATION -DSMALL_C_LIB -DALT_SINGLE_THREADED    -O0 -g -Wall  -mno-hw-div -mno-hw-mul -mno-hw-mulx -mgpopt=global   -o obj/HAL/src/alt_dcache_flush_no_writeback.o HAL/src/alt_dcache_flush_no_writeback.c
Compiling alt_dev.c...
nios2-elf-gcc -xc -MP -MMD -c  -I./HAL/inc -I. -I./drivers/inc -pipe -D__hal__ -DALT_NO_INSTRUCTION_EMULATION -DSMALL_C_LIB -DALT_SINGLE_THREADED    -O0 -g -Wall  -mno-hw-div -mno-hw-mul -mno-hw-mulx -mgpopt=global   -o obj/HAL/src/alt_dev.o HAL/src/alt_dev.c
Compiling alt_dma_rxchan_open.c...
nios2-elf-gcc -xc -MP -MMD -c  -I./HAL/inc -I. -I./drivers/inc -pipe -D__hal__ -DALT_NO_INSTRUCTION_EMULATION -DSMALL_C_LIB -DALT_SINGLE_THREADED    -O0 -g -Wall  -mno-hw-div -mno-hw-mul -mno-hw-mulx -mgpopt=global   -o obj/HAL/src/alt_dma_rxchan_open.o HAL/src/alt_dma_rxchan_open.c
Compiling alt_dma_txchan_open.c...
nios2-elf-gcc -xc -MP -MMD -c  -I./HAL/inc -I. -I./drivers/inc -pipe -D__hal__ -DALT_NO_INSTRUCTION_EMULATION -DSMALL_C_LIB -DALT_SINGLE_THREADED    -O0 -g -Wall  -mno-hw-div -mno-hw-mul -mno-hw-mulx -mgpopt=global   -o obj/HAL/src/alt_dma_txchan_open.o HAL/src/alt_dma_txchan_open.c
Compiling alt_ecc_fatal_exception.c...
nios2-elf-gcc -xc -MP -MMD -c  -I./HAL/inc -I. -I./drivers/inc -pipe -D__hal__ -DALT_NO_INSTRUCTION_EMULATION -DSMALL_C_LIB -DALT_SINGLE_THREADED    -O0 -g -Wall  -mno-hw-div -mno-hw-mul -mno-hw-mulx -mgpopt=global   -o obj/HAL/src/alt_ecc_fatal_exception.o HAL/src/alt_ecc_fatal_exception.c
Compiling alt_exception_entry.S...
nios2-elf-gcc -MP -MMD -c   -O0 -g -Wall  -mno-hw-div -mno-hw-mul -mno-hw-mulx -mgpopt=global    -I./HAL/inc -I. -I./drivers/inc -pipe -D__hal__ -DALT_NO_INSTRUCTION_EMULATION -DSMALL_C_LIB -DALT_SINGLE_THREADED  -Wa,-gdwarf2  -o obj/HAL/src/alt_exception_entry.o HAL/src/alt_exception_entry.S
Compiling alt_exit.c...
nios2-elf-gcc -xc -MP -MMD -c  -I./HAL/inc -I. -I./drivers/inc -pipe -D__hal__ -DALT_NO_INSTRUCTION_EMULATION -DSMALL_C_LIB -DALT_SINGLE_THREADED    -O0 -g -Wall  -mno-hw-div -mno-hw-mul -mno-hw-mulx -mgpopt=global   -o obj/HAL/src/alt_exit.o HAL/src/alt_exit.c
Compiling alt_fcntl.c...
nios2-elf-gcc -xc -MP -MMD -c  -I./HAL/inc -I. -I./drivers/inc -pipe -D__hal__ -DALT_NO_INSTRUCTION_EMULATION -DSMALL_C_LIB -DALT_SINGLE_THREADED    -O0 -g -Wall  -mno-hw-div -mno-hw-mul -mno-hw-mulx -mgpopt=global   -o obj/HAL/src/alt_fcntl.o HAL/src/alt_fcntl.c
Compiling alt_fd_lock.c...
nios2-elf-gcc -xc -MP -MMD -c  -I./HAL/inc -I. -I./drivers/inc -pipe -D__hal__ -DALT_NO_INSTRUCTION_EMULATION -DSMALL_C_LIB -DALT_SINGLE_THREADED    -O0 -g -Wall  -mno-hw-div -mno-hw-mul -mno-hw-mulx -mgpopt=global   -o obj/HAL/src/alt_fd_lock.o HAL/src/alt_fd_lock.c
Compiling alt_fd_unlock.c...
nios2-elf-gcc -xc -MP -MMD -c  -I./HAL/inc -I. -I./drivers/inc -pipe -D__hal__ -DALT_NO_INSTRUCTION_EMULATION -DSMALL_C_LIB -DALT_SINGLE_THREADED    -O0 -g -Wall  -mno-hw-div -mno-hw-mul -mno-hw-mulx -mgpopt=global   -o obj/HAL/src/alt_fd_unlock.o HAL/src/alt_fd_unlock.c
Compiling alt_find_dev.c...
nios2-elf-gcc -xc -MP -MMD -c  -I./HAL/inc -I. -I./drivers/inc -pipe -D__hal__ -DALT_NO_INSTRUCTION_EMULATION -DSMALL_C_LIB -DALT_SINGLE_THREADED    -O0 -g -Wall  -mno-hw-div -mno-hw-mul -mno-hw-mulx -mgpopt=global   -o obj/HAL/src/alt_find_dev.o HAL/src/alt_find_dev.c
Compiling alt_find_file.c...
nios2-elf-gcc -xc -MP -MMD -c  -I./HAL/inc -I. -I./drivers/inc -pipe -D__hal__ -DALT_NO_INSTRUCTION_EMULATION -DSMALL_C_LIB -DALT_SINGLE_THREADED    -O0 -g -Wall  -mno-hw-div -mno-hw-mul -mno-hw-mulx -mgpopt=global   -o obj/HAL/src/alt_find_file.o HAL/src/alt_find_file.c
Compiling alt_flash_dev.c...
nios2-elf-gcc -xc -MP -MMD -c  -I./HAL/inc -I. -I./drivers/inc -pipe -D__hal__ -DALT_NO_INSTRUCTION_EMULATION -DSMALL_C_LIB -DALT_SINGLE_THREADED    -O0 -g -Wall  -mno-hw-div -mno-hw-mul -mno-hw-mulx -mgpopt=global   -o obj/HAL/src/alt_flash_dev.o HAL/src/alt_flash_dev.c
Compiling alt_fs_reg.c...
nios2-elf-gcc -xc -MP -MMD -c  -I./HAL/inc -I. -I./drivers/inc -pipe -D__hal__ -DALT_NO_INSTRUCTION_EMULATION -DSMALL_C_LIB -DALT_SINGLE_THREADED    -O0 -g -Wall  -mno-hw-div -mno-hw-mul -mno-hw-mulx -mgpopt=global   -o obj/HAL/src/alt_fs_reg.o HAL/src/alt_fs_reg.c
Compiling alt_fstat.c...
nios2-elf-gcc -xc -MP -MMD -c  -I./HAL/inc -I. -I./drivers/inc -pipe -D__hal__ -DALT_NO_INSTRUCTION_EMULATION -DSMALL_C_LIB -DALT_SINGLE_THREADED    -O0 -g -Wall  -mno-hw-div -mno-hw-mul -mno-hw-mulx -mgpopt=global   -o obj/HAL/src/alt_fstat.o HAL/src/alt_fstat.c
Compiling alt_get_fd.c...
nios2-elf-gcc -xc -MP -MMD -c  -I./HAL/inc -I. -I./drivers/inc -pipe -D__hal__ -DALT_NO_INSTRUCTION_EMULATION -DSMALL_C_LIB -DALT_SINGLE_THREADED    -O0 -g -Wall  -mno-hw-div -mno-hw-mul -mno-hw-mulx -mgpopt=global   -o obj/HAL/src/alt_get_fd.o HAL/src/alt_get_fd.c
Compiling alt_gmon.c...
nios2-elf-gcc -xc -MP -MMD -c  -I./HAL/inc -I. -I./drivers/inc -pipe -D__hal__ -DALT_NO_INSTRUCTION_EMULATION -DSMALL_C_LIB -DALT_SINGLE_THREADED    -O0 -g -Wall  -mno-hw-div -mno-hw-mul -mno-hw-mulx -mgpopt=global   -o obj/HAL/src/alt_gmon.o HAL/src/alt_gmon.c
Compiling alt_icache_flush.c...
nios2-elf-gcc -xc -MP -MMD -c  -I./HAL/inc -I. -I./drivers/inc -pipe -D__hal__ -DALT_NO_INSTRUCTION_EMULATION -DSMALL_C_LIB -DALT_SINGLE_THREADED    -O0 -g -Wall  -mno-hw-div -mno-hw-mul -mno-hw-mulx -mgpopt=global   -o obj/HAL/src/alt_icache_flush.o HAL/src/alt_icache_flush.c
Compiling alt_icache_flush_all.c...
nios2-elf-gcc -xc -MP -MMD -c  -I./HAL/inc -I. -I./drivers/inc -pipe -D__hal__ -DALT_NO_INSTRUCTION_EMULATION -DSMALL_C_LIB -DALT_SINGLE_THREADED    -O0 -g -Wall  -mno-hw-div -mno-hw-mul -mno-hw-mulx -mgpopt=global   -o obj/HAL/src/alt_icache_flush_all.o HAL/src/alt_icache_flush_all.c
Compiling alt_iic.c...
nios2-elf-gcc -xc -MP -MMD -c  -I./HAL/inc -I. -I./drivers/inc -pipe -D__hal__ -DALT_NO_INSTRUCTION_EMULATION -DSMALL_C_LIB -DALT_SINGLE_THREADED    -O0 -g -Wall  -mno-hw-div -mno-hw-mul -mno-hw-mulx -mgpopt=global   -o obj/HAL/src/alt_iic.o HAL/src/alt_iic.c
Compiling alt_iic_isr_register.c...
nios2-elf-gcc -xc -MP -MMD -c  -I./HAL/inc -I. -I./drivers/inc -pipe -D__hal__ -DALT_NO_INSTRUCTION_EMULATION -DSMALL_C_LIB -DALT_SINGLE_THREADED    -O0 -g -Wall  -mno-hw-div -mno-hw-mul -mno-hw-mulx -mgpopt=global   -o obj/HAL/src/alt_iic_isr_register.o HAL/src/alt_iic_isr_register.c
Compiling alt_instruction_exception_entry.c...
nios2-elf-gcc -xc -MP -MMD -c  -I./HAL/inc -I. -I./drivers/inc -pipe -D__hal__ -DALT_NO_INSTRUCTION_EMULATION -DSMALL_C_LIB -DALT_SINGLE_THREADED    -O0 -g -Wall  -mno-hw-div -mno-hw-mul -mno-hw-mulx -mgpopt=global   -o obj/HAL/src/alt_instruction_exception_entry.o HAL/src/alt_instruction_exception_entry.c
Compiling alt_instruction_exception_register.c...
nios2-elf-gcc -xc -MP -MMD -c  -I./HAL/inc -I. -I./drivers/inc -pipe -D__hal__ -DALT_NO_INSTRUCTION_EMULATION -DSMALL_C_LIB -DALT_SINGLE_THREADED    -O0 -g -Wall  -mno-hw-div -mno-hw-mul -mno-hw-mulx -mgpopt=global   -o obj/HAL/src/alt_instruction_exception_register.o HAL/src/alt_instruction_exception_register.c
Compiling alt_io_redirect.c...
nios2-elf-gcc -xc -MP -MMD -c  -I./HAL/inc -I. -I./drivers/inc -pipe -D__hal__ -DALT_NO_INSTRUCTION_EMULATION -DSMALL_C_LIB -DALT_SINGLE_THREADED    -O0 -g -Wall  -mno-hw-div -mno-hw-mul -mno-hw-mulx -mgpopt=global   -o obj/HAL/src/alt_io_redirect.o HAL/src/alt_io_redirect.c
Compiling alt_ioctl.c...
nios2-elf-gcc -xc -MP -MMD -c  -I./HAL/inc -I. -I./drivers/inc -pipe -D__hal__ -DALT_NO_INSTRUCTION_EMULATION -DSMALL_C_LIB -DALT_SINGLE_THREADED    -O0 -g -Wall  -mno-hw-div -mno-hw-mul -mno-hw-mulx -mgpopt=global   -o obj/HAL/src/alt_ioctl.o HAL/src/alt_ioctl.c
Compiling alt_irq_entry.S...
nios2-elf-gcc -MP -MMD -c   -O0 -g -Wall  -mno-hw-div -mno-hw-mul -mno-hw-mulx -mgpopt=global    -I./HAL/inc -I. -I./drivers/inc -pipe -D__hal__ -DALT_NO_INSTRUCTION_EMULATION -DSMALL_C_LIB -DALT_SINGLE_THREADED  -Wa,-gdwarf2  -o obj/HAL/src/alt_irq_entry.o HAL/src/alt_irq_entry.S
Compiling alt_irq_handler.c...
nios2-elf-gcc -xc -MP -MMD -c  -I./HAL/inc -I. -I./drivers/inc -pipe -D__hal__ -DALT_NO_INSTRUCTION_EMULATION -DSMALL_C_LIB -DALT_SINGLE_THREADED    -O0 -g -Wall  -mno-hw-div -mno-hw-mul -mno-hw-mulx -mgpopt=global   -o obj/HAL/src/alt_irq_handler.o HAL/src/alt_irq_handler.c
Compiling alt_irq_register.c...
nios2-elf-gcc -xc -MP -MMD -c  -I./HAL/inc -I. -I./drivers/inc -pipe -D__hal__ -DALT_NO_INSTRUCTION_EMULATION -DSMALL_C_LIB -DALT_SINGLE_THREADED    -O0 -g -Wall  -mno-hw-div -mno-hw-mul -mno-hw-mulx -mgpopt=global   -o obj/HAL/src/alt_irq_register.o HAL/src/alt_irq_register.c
Compiling alt_irq_vars.c...
nios2-elf-gcc -xc -MP -MMD -c  -I./HAL/inc -I. -I./drivers/inc -pipe -D__hal__ -DALT_NO_INSTRUCTION_EMULATION -DSMALL_C_LIB -DALT_SINGLE_THREADED    -O0 -g -Wall  -mno-hw-div -mno-hw-mul -mno-hw-mulx -mgpopt=global   -o obj/HAL/src/alt_irq_vars.o HAL/src/alt_irq_vars.c
Compiling alt_isatty.c...
nios2-elf-gcc -xc -MP -MMD -c  -I./HAL/inc -I. -I./drivers/inc -pipe -D__hal__ -DALT_NO_INSTRUCTION_EMULATION -DSMALL_C_LIB -DALT_SINGLE_THREADED    -O0 -g -Wall  -mno-hw-div -mno-hw-mul -mno-hw-mulx -mgpopt=global   -o obj/HAL/src/alt_isatty.o HAL/src/alt_isatty.c
Compiling alt_lseek.c...
nios2-elf-gcc -xc -MP -MMD -c  -I./HAL/inc -I. -I./drivers/inc -pipe -D__hal__ -DALT_NO_INSTRUCTION_EMULATION -DSMALL_C_LIB -DALT_SINGLE_THREADED    -O0 -g -Wall  -mno-hw-div -mno-hw-mul -mno-hw-mulx -mgpopt=global   -o obj/HAL/src/alt_lseek.o HAL/src/alt_lseek.c
Compiling alt_main.c...
nios2-elf-gcc -xc -MP -MMD -c  -I./HAL/inc -I. -I./drivers/inc -pipe -D__hal__ -DALT_NO_INSTRUCTION_EMULATION -DSMALL_C_LIB -DALT_SINGLE_THREADED    -O0 -g -Wall  -mno-hw-div -mno-hw-mul -mno-hw-mulx -mgpopt=global   -o obj/HAL/src/alt_main.o HAL/src/alt_main.c
Compiling alt_open.c...
nios2-elf-gcc -xc -MP -MMD -c  -I./HAL/inc -I. -I./drivers/inc -pipe -D__hal__ -DALT_NO_INSTRUCTION_EMULATION -DSMALL_C_LIB -DALT_SINGLE_THREADED    -O0 -g -Wall  -mno-hw-div -mno-hw-mul -mno-hw-mulx -mgpopt=global   -o obj/HAL/src/alt_open.o HAL/src/alt_open.c
Compiling alt_read.c...
nios2-elf-gcc -xc -MP -MMD -c  -I./HAL/inc -I. -I./drivers/inc -pipe -D__hal__ -DALT_NO_INSTRUCTION_EMULATION -DSMALL_C_LIB -DALT_SINGLE_THREADED    -O0 -g -Wall  -mno-hw-div -mno-hw-mul -mno-hw-mulx -mgpopt=global   -o obj/HAL/src/alt_read.o HAL/src/alt_read.c
Compiling alt_release_fd.c...
nios2-elf-gcc -xc -MP -MMD -c  -I./HAL/inc -I. -I./drivers/inc -pipe -D__hal__ -DALT_NO_INSTRUCTION_EMULATION -DSMALL_C_LIB -DALT_SINGLE_THREADED    -O0 -g -Wall  -mno-hw-div -mno-hw-mul -mno-hw-mulx -mgpopt=global   -o obj/HAL/src/alt_release_fd.o HAL/src/alt_release_fd.c
Compiling alt_remap_cached.c...
nios2-elf-gcc -xc -MP -MMD -c  -I./HAL/inc -I. -I./drivers/inc -pipe -D__hal__ -DALT_NO_INSTRUCTION_EMULATION -DSMALL_C_LIB -DALT_SINGLE_THREADED    -O0 -g -Wall  -mno-hw-div -mno-hw-mul -mno-hw-mulx -mgpopt=global   -o obj/HAL/src/alt_remap_cached.o HAL/src/alt_remap_cached.c
Compiling alt_remap_uncached.c...
nios2-elf-gcc -xc -MP -MMD -c  -I./HAL/inc -I. -I./drivers/inc -pipe -D__hal__ -DALT_NO_INSTRUCTION_EMULATION -DSMALL_C_LIB -DALT_SINGLE_THREADED    -O0 -g -Wall  -mno-hw-div -mno-hw-mul -mno-hw-mulx -mgpopt=global   -o obj/HAL/src/alt_remap_uncached.o HAL/src/alt_remap_uncached.c
Compiling alt_sbrk.c...
nios2-elf-gcc -xc -MP -MMD -c  -I./HAL/inc -I. -I./drivers/inc -pipe -D__hal__ -DALT_NO_INSTRUCTION_EMULATION -DSMALL_C_LIB -DALT_SINGLE_THREADED    -O0 -g -Wall  -mno-hw-div -mno-hw-mul -mno-hw-mulx -mgpopt=global   -o obj/HAL/src/alt_sbrk.o HAL/src/alt_sbrk.c
Compiling alt_software_exception.S...
nios2-elf-gcc -MP -MMD -c   -O0 -g -Wall  -mno-hw-div -mno-hw-mul -mno-hw-mulx -mgpopt=global    -I./HAL/inc -I. -I./drivers/inc -pipe -D__hal__ -DALT_NO_INSTRUCTION_EMULATION -DSMALL_C_LIB -DALT_SINGLE_THREADED  -Wa,-gdwarf2  -o obj/HAL/src/alt_software_exception.o HAL/src/alt_software_exception.S
Compiling alt_tick.c...
nios2-elf-gcc -xc -MP -MMD -c  -I./HAL/inc -I. -I./drivers/inc -pipe -D__hal__ -DALT_NO_INSTRUCTION_EMULATION -DSMALL_C_LIB -DALT_SINGLE_THREADED    -O0 -g -Wall  -mno-hw-div -mno-hw-mul -mno-hw-mulx -mgpopt=global   -o obj/HAL/src/alt_tick.o HAL/src/alt_tick.c
Compiling alt_uncached_free.c...
nios2-elf-gcc -xc -MP -MMD -c  -I./HAL/inc -I. -I./drivers/inc -pipe -D__hal__ -DALT_NO_INSTRUCTION_EMULATION -DSMALL_C_LIB -DALT_SINGLE_THREADED    -O0 -g -Wall  -mno-hw-div -mno-hw-mul -mno-hw-mulx -mgpopt=global   -o obj/HAL/src/alt_uncached_free.o HAL/src/alt_uncached_free.c
Compiling alt_uncached_malloc.c...
nios2-elf-gcc -xc -MP -MMD -c  -I./HAL/inc -I. -I./drivers/inc -pipe -D__hal__ -DALT_NO_INSTRUCTION_EMULATION -DSMALL_C_LIB -DALT_SINGLE_THREADED    -O0 -g -Wall  -mno-hw-div -mno-hw-mul -mno-hw-mulx -mgpopt=global   -o obj/HAL/src/alt_uncached_malloc.o HAL/src/alt_uncached_malloc.c
Compiling alt_write.c...
nios2-elf-gcc -xc -MP -MMD -c  -I./HAL/inc -I. -I./drivers/inc -pipe -D__hal__ -DALT_NO_INSTRUCTION_EMULATION -DSMALL_C_LIB -DALT_SINGLE_THREADED    -O0 -g -Wall  -mno-hw-div -mno-hw-mul -mno-hw-mulx -mgpopt=global   -o obj/HAL/src/alt_write.o HAL/src/alt_write.c
Compiling altera_nios2_gen2_irq.c...
nios2-elf-gcc -xc -MP -MMD -c  -I./HAL/inc -I. -I./drivers/inc -pipe -D__hal__ -DALT_NO_INSTRUCTION_EMULATION -DSMALL_C_LIB -DALT_SINGLE_THREADED    -O0 -g -Wall  -mno-hw-div -mno-hw-mul -mno-hw-mulx -mgpopt=global   -o obj/HAL/src/altera_nios2_gen2_irq.o HAL/src/altera_nios2_gen2_irq.c
Compiling crt0.S...
nios2-elf-gcc -MP -MMD -c   -O0 -g -Wall  -mno-hw-div -mno-hw-mul -mno-hw-mulx -mgpopt=global    -I./HAL/inc -I. -I./drivers/inc -pipe -D__hal__ -DALT_NO_INSTRUCTION_EMULATION -DSMALL_C_LIB -DALT_SINGLE_THREADED  -Wa,-gdwarf2  -o obj/HAL/src/crt0.o HAL/src/crt0.S
Compiling alt_sys_init.c...
nios2-elf-gcc -xc -MP -MMD -c  -I./HAL/inc -I. -I./drivers/inc -pipe -D__hal__ -DALT_NO_INSTRUCTION_EMULATION -DSMALL_C_LIB -DALT_SINGLE_THREADED    -O0 -g -Wall  -mno-hw-div -mno-hw-mul -mno-hw-mulx -mgpopt=global   -o obj/alt_sys_init.o alt_sys_init.c
Compiling altera_avalon_jtag_uart_fd.c...
nios2-elf-gcc -xc -MP -MMD -c  -I./HAL/inc -I. -I./drivers/inc -pipe -D__hal__ -DALT_NO_INSTRUCTION_EMULATION -DSMALL_C_LIB -DALT_SINGLE_THREADED    -O0 -g -Wall  -mno-hw-div -mno-hw-mul -mno-hw-mulx -mgpopt=global   -o obj/drivers/src/altera_avalon_jtag_uart_fd.o drivers/src/altera_avalon_jtag_uart_fd.c
Compiling altera_avalon_jtag_uart_init.c...
nios2-elf-gcc -xc -MP -MMD -c  -I./HAL/inc -I. -I./drivers/inc -pipe -D__hal__ -DALT_NO_INSTRUCTION_EMULATION -DSMALL_C_LIB -DALT_SINGLE_THREADED    -O0 -g -Wall  -mno-hw-div -mno-hw-mul -mno-hw-mulx -mgpopt=global   -o obj/drivers/src/altera_avalon_jtag_uart_init.o drivers/src/altera_avalon_jtag_uart_init.c
Compiling altera_avalon_jtag_uart_ioctl.c...
nios2-elf-gcc -xc -MP -MMD -c  -I./HAL/inc -I. -I./drivers/inc -pipe -D__hal__ -DALT_NO_INSTRUCTION_EMULATION -DSMALL_C_LIB -DALT_SINGLE_THREADED    -O0 -g -Wall  -mno-hw-div -mno-hw-mul -mno-hw-mulx -mgpopt=global   -o obj/drivers/src/altera_avalon_jtag_uart_ioctl.o drivers/src/altera_avalon_jtag_uart_ioctl.c
Compiling altera_avalon_jtag_uart_read.c...
nios2-elf-gcc -xc -MP -MMD -c  -I./HAL/inc -I. -I./drivers/inc -pipe -D__hal__ -DALT_NO_INSTRUCTION_EMULATION -DSMALL_C_LIB -DALT_SINGLE_THREADED    -O0 -g -Wall  -mno-hw-div -mno-hw-mul -mno-hw-mulx -mgpopt=global   -o obj/drivers/src/altera_avalon_jtag_uart_read.o drivers/src/altera_avalon_jtag_uart_read.c
Compiling altera_avalon_jtag_uart_write.c...
nios2-elf-gcc -xc -MP -MMD -c  -I./HAL/inc -I. -I./drivers/inc -pipe -D__hal__ -DALT_NO_INSTRUCTION_EMULATION -DSMALL_C_LIB -DALT_SINGLE_THREADED    -O0 -g -Wall  -mno-hw-div -mno-hw-mul -mno-hw-mulx -mgpopt=global   -o obj/drivers/src/altera_avalon_jtag_uart_write.o drivers/src/altera_avalon_jtag_uart_write.c
Compiling altera_avalon_sysid_qsys.c...
nios2-elf-gcc -xc -MP -MMD -c  -I./HAL/inc -I. -I./drivers/inc -pipe -D__hal__ -DALT_NO_INSTRUCTION_EMULATION -DSMALL_C_LIB -DALT_SINGLE_THREADED    -O0 -g -Wall  -mno-hw-div -mno-hw-mul -mno-hw-mulx -mgpopt=global   -o obj/drivers/src/altera_avalon_sysid_qsys.o drivers/src/altera_avalon_sysid_qsys.c
Creating libhal_bsp.a...
rm -f -f libhal_bsp.a
nios2-elf-ar -src libhal_bsp.a obj/HAL/src/alt_alarm_start.o obj/HAL/src/alt_busy_sleep.o obj/HAL/src/alt_close.o obj/HAL/src/alt_dcache_flush.o obj/HAL/src/alt_dcache_flush_all.o obj/HAL/src/alt_dcache_flush_no_writeback.o obj/HAL/src/alt_dev.o obj/HAL/src/alt_dev_llist_insert.o obj/HAL/src/alt_dma_rxchan_open.o obj/HAL/src/alt_dma_txchan_open.o obj/HAL/src/alt_do_ctors.o obj/HAL/src/alt_do_dtors.o obj/HAL/src/alt_ecc_fatal_entry.o obj/HAL/src/alt_ecc_fatal_exception.o obj/HAL/src/alt_env_lock.o obj/HAL/src/alt_environ.o obj/HAL/src/alt_errno.o obj/HAL/src/alt_exception_entry.o obj/HAL/src/alt_exception_muldiv.o obj/HAL/src/alt_exception_trap.o obj/HAL/src/alt_execve.o obj/HAL/src/alt_exit.o obj/HAL/src/alt_fcntl.o obj/HAL/src/alt_fd_lock.o obj/HAL/src/alt_fd_unlock.o obj/HAL/src/alt_find_dev.o obj/HAL/src/alt_find_file.o obj/HAL/src/alt_flash_dev.o obj/HAL/src/alt_fork.o obj/HAL/src/alt_fs_reg.o obj/HAL/src/alt_fstat.o obj/HAL/src/alt_get_fd.o obj/HAL/src/alt_getchar.o obj/HAL/src/alt_getpid.o obj/HAL/src/alt_gettod.o obj/HAL/src/alt_gmon.o obj/HAL/src/alt_icache_flush.o obj/HAL/src/alt_icache_flush_all.o obj/HAL/src/alt_iic.o obj/HAL/src/alt_iic_isr_register.o obj/HAL/src/alt_instruction_exception_entry.o obj/HAL/src/alt_instruction_exception_register.o obj/HAL/src/alt_io_redirect.o obj/HAL/src/alt_ioctl.o obj/HAL/src/alt_irq_entry.o obj/HAL/src/alt_irq_handler.o obj/HAL/src/alt_irq_register.o obj/HAL/src/alt_irq_vars.o obj/HAL/src/alt_isatty.o obj/HAL/src/alt_kill.o obj/HAL/src/alt_link.o obj/HAL/src/alt_load.o obj/HAL/src/alt_log_macro.o obj/HAL/src/alt_log_printf.o obj/HAL/src/alt_lseek.o obj/HAL/src/alt_main.o obj/HAL/src/alt_malloc_lock.o obj/HAL/src/alt_mcount.o obj/HAL/src/alt_open.o obj/HAL/src/alt_printf.o obj/HAL/src/alt_putchar.o obj/HAL/src/alt_putcharbuf.o obj/HAL/src/alt_putstr.o obj/HAL/src/alt_read.o obj/HAL/src/alt_release_fd.o obj/HAL/src/alt_remap_cached.o obj/HAL/src/alt_remap_uncached.o obj/HAL/src/alt_rename.o obj/HAL/src/alt_sbrk.o obj/HAL/src/alt_settod.o obj/HAL/src/alt_software_exception.o obj/HAL/src/alt_stat.o obj/HAL/src/alt_tick.o obj/HAL/src/alt_times.o obj/HAL/src/alt_uncached_free.o obj/HAL/src/alt_uncached_malloc.o obj/HAL/src/alt_unlink.o obj/HAL/src/alt_usleep.o obj/HAL/src/alt_wait.o obj/HAL/src/alt_write.o obj/HAL/src/altera_nios2_gen2_irq.o obj/HAL/src/crt0.o obj/alt_sys_init.o obj/drivers/src/altera_avalon_epcs_flash_controller.o obj/drivers/src/altera_avalon_jtag_uart_fd.o obj/drivers/src/altera_avalon_jtag_uart_init.o obj/drivers/src/altera_avalon_jtag_uart_ioctl.o obj/drivers/src/altera_avalon_jtag_uart_read.o obj/drivers/src/altera_avalon_jtag_uart_write.o obj/drivers/src/altera_avalon_spi.o obj/drivers/src/altera_avalon_sysid_qsys.o obj/drivers/src/epcs_commands.o
[BSP build complete]
Info: Compiling ../../software/Source/wallet_main.c to obj/default/wallet_main.o
nios2-elf-gcc -xc -MP -MMD -c -IC:/Users/Class2018/Documents/Projects/Crypto_wallet/impl/nios_proj_bsp//HAL/inc -IC:/Users/Class2018/Documents/Projects/Crypto_wallet/impl/nios_proj_bsp/ -IC:/Users/Class2018/Documents/Projects/Crypto_wallet/impl/nios_proj_bsp//drivers/inc  -pipe -D__hal__ -DALT_NO_INSTRUCTION_EMULATION -DSMALL_C_LIB -DALT_SINGLE_THREADED    -O0 -g -Wall   -mno-hw-div -mno-hw-mul -mno-hw-mulx -mgpopt=global  -o obj/default/wallet_main.o ../../software/Source/wallet_main.c
Info: Linking nios_proj.elf
nios2-elf-g++  -T'C:/Users/Class2018/Documents/Projects/Crypto_wallet/impl/nios_proj_bsp//linker.x' -msys-crt0='C:/Users/Class2018/Documents/Projects/Crypto_wallet/impl/nios_proj_bsp//obj/HAL/src/crt0.o' -msys-lib=hal_bsp -LC:/Users/Class2018/Documents/Projects/Crypto_wallet/impl/nios_proj_bsp/  -msmallc  -Wl,-Map=nios_proj.map   -O0 -g -Wall   -mno-hw-div -mno-hw-mul -mno-hw-mulx -mgpopt=global  -o nios_proj.elf obj/default/wallet_main.o -lm -msys-lib=m
nios2-elf-insert nios_proj.elf --thread_model hal --cpu_name cpu --qsys true --simulation_enabled false --id 0 --sidp 0x20120b0 --timestamp 1543457461 --stderr_dev jtag_uart --stdin_dev jtag_uart --stdout_dev jtag_uart --sopc_system_name crypto_wallet --quartus_project_dir "c:/Users/Class2018/Documents/Projects/Crypto_wallet/impl/qsys" --sopcinfo C:/Users/Class2018/Documents/Projects/Crypto_wallet/impl/qsys/crypto_wallet.sopcinfo
Info: (nios_proj.elf) 22 KBytes program size (code + initialized data).
Info:                 32762 KBytes free for stack + heap.
Info: Creating nios_proj.objdump
nios2-elf-objdump --disassemble --syms --all-header --source nios_proj.elf >nios_proj.objdump
[nios_proj build complete]
21:25:32 **** Incremental Build of configuration Nios II for project nios_proj ****
make all 
Info: Building C:/Users/Class2018/Documents/Projects/Crypto_wallet/impl/nios_proj_bsp/
C:/intelFPGA_lite/18.1/nios2eds/bin/gnu/H-x86_64-mingw32/bin/make --no-print-directory -C C:/Users/Class2018/Documents/Projects/Crypto_wallet/impl/nios_proj_bsp/
[BSP build complete]
Info: Compiling ../../software/Source/wallet_main.c to obj/default/wallet_main.o
nios2-elf-gcc -xc -MP -MMD -c -IC:/Users/Class2018/Documents/Projects/Crypto_wallet/impl/nios_proj_bsp//HAL/inc -IC:/Users/Class2018/Documents/Projects/Crypto_wallet/impl/nios_proj_bsp/ -IC:/Users/Class2018/Documents/Projects/Crypto_wallet/impl/nios_proj_bsp//drivers/inc  -pipe -D__hal__ -DALT_NO_INSTRUCTION_EMULATION -DSMALL_C_LIB -DALT_SINGLE_THREADED    -O0 -g -Wall   -mno-hw-div -mno-hw-mul -mno-hw-mulx -mgpopt=global  -o obj/default/wallet_main.o ../../software/Source/wallet_main.c
Info: Linking nios_proj.elf
nios2-elf-g++  -T'C:/Users/Class2018/Documents/Projects/Crypto_wallet/impl/nios_proj_bsp//linker.x' -msys-crt0='C:/Users/Class2018/Documents/Projects/Crypto_wallet/impl/nios_proj_bsp//obj/HAL/src/crt0.o' -msys-lib=hal_bsp -LC:/Users/Class2018/Documents/Projects/Crypto_wallet/impl/nios_proj_bsp/  -msmallc  -Wl,-Map=nios_proj.map   -O0 -g -Wall   -mno-hw-div -mno-hw-mul -mno-hw-mulx -mgpopt=global  -o nios_proj.elf obj/default/wallet_main.o -lm -msys-lib=m
nios2-elf-insert nios_proj.elf --thread_model hal --cpu_name cpu --qsys true --simulation_enabled false --id 0 --sidp 0x20120b0 --timestamp 1543457461 --stderr_dev jtag_uart --stdin_dev jtag_uart --stdout_dev jtag_uart --sopc_system_name crypto_wallet --quartus_project_dir "c:/Users/Class2018/Documents/Projects/Crypto_wallet/impl/qsys" --sopcinfo C:/Users/Class2018/Documents/Projects/Crypto_wallet/impl/qsys/crypto_wallet.sopcinfo
Info: (nios_proj.elf) 22 KBytes program size (code + initialized data).
Info:                 32762 KBytes free for stack + heap.
Info: Creating nios_proj.objdump
nios2-elf-objdump --disassemble --syms --all-header --source nios_proj.elf >nios_proj.objdump
[nios_proj build complete]
21:25:35 **** Build of configuration Nios II for project nios_proj_bsp ****
make all 
[BSP build complete]
21:26:46 **** Build of configuration Nios II for project nios_proj ****
make all 
Info: Building C:/Users/Class2018/Documents/Projects/Crypto_wallet/impl/nios_proj_bsp/
C:/intelFPGA_lite/18.1/nios2eds/bin/gnu/H-x86_64-mingw32/bin/make --no-print-directory -C C:/Users/Class2018/Documents/Projects/Crypto_wallet/impl/nios_proj_bsp/
[BSP build complete]
[nios_proj build complete]
21:26:49 **** Incremental Build of configuration Nios II for project nios_proj ****
make all 
Info: Building C:/Users/Class2018/Documents/Projects/Crypto_wallet/impl/nios_proj_bsp/
C:/intelFPGA_lite/18.1/nios2eds/bin/gnu/H-x86_64-mingw32/bin/make --no-print-directory -C C:/Users/Class2018/Documents/Projects/Crypto_wallet/impl/nios_proj_bsp/
[BSP build complete]
[nios_proj build complete]
21:28:02 **** Build of configuration Nios II for project nios_proj ****
make all 
Info: Building C:/Users/Class2018/Documents/Projects/Crypto_wallet/impl/nios_proj_bsp/
C:/intelFPGA_lite/18.1/nios2eds/bin/gnu/H-x86_64-mingw32/bin/make --no-print-directory -C C:/Users/Class2018/Documents/Projects/Crypto_wallet/impl/nios_proj_bsp/
[BSP build complete]
Info: Compiling ../../software/Source/wallet_main.c to obj/default/wallet_main.o
nios2-elf-gcc -xc -MP -MMD -c -IC:/Users/Class2018/Documents/Projects/Crypto_wallet/impl/nios_proj_bsp//HAL/inc -IC:/Users/Class2018/Documents/Projects/Crypto_wallet/impl/nios_proj_bsp/ -IC:/Users/Class2018/Documents/Projects/Crypto_wallet/impl/nios_proj_bsp//drivers/inc  -pipe -D__hal__ -DALT_NO_INSTRUCTION_EMULATION -DSMALL_C_LIB -DALT_SINGLE_THREADED    -O0 -g -Wall   -mno-hw-div -mno-hw-mul -mno-hw-mulx -mgpopt=global  -o obj/default/wallet_main.o ../../software/Source/wallet_main.c
../../software/Source/wallet_main.c: In function 'main':
../../software/Source/wallet_main.c:31:12: warning: variable 'buttons' set but not used [-Wunused-but-set-variable]
     alt_u8 buttons;
            ^
Info: Linking nios_proj.elf
nios2-elf-g++  -T'C:/Users/Class2018/Documents/Projects/Crypto_wallet/impl/nios_proj_bsp//linker.x' -msys-crt0='C:/Users/Class2018/Documents/Projects/Crypto_wallet/impl/nios_proj_bsp//obj/HAL/src/crt0.o' -msys-lib=hal_bsp -LC:/Users/Class2018/Documents/Projects/Crypto_wallet/impl/nios_proj_bsp/  -msmallc  -Wl,-Map=nios_proj.map   -O0 -g -Wall   -mno-hw-div -mno-hw-mul -mno-hw-mulx -mgpopt=global  -o nios_proj.elf obj/default/wallet_main.o -lm -msys-lib=m
nios2-elf-insert nios_proj.elf --thread_model hal --cpu_name cpu --qsys true --simulation_enabled false --id 0 --sidp 0x20120b0 --timestamp 1543457461 --stderr_dev jtag_uart --stdin_dev jtag_uart --stdout_dev jtag_uart --sopc_system_name crypto_wallet --quartus_project_dir "c:/Users/Class2018/Documents/Projects/Crypto_wallet/impl/qsys" --sopcinfo C:/Users/Class2018/Documents/Projects/Crypto_wallet/impl/qsys/crypto_wallet.sopcinfo
Info: (nios_proj.elf) 22 KBytes program size (code + initialized data).
Info:                 32762 KBytes free for stack + heap.
Info: Creating nios_proj.objdump
nios2-elf-objdump --disassemble --syms --all-header --source nios_proj.elf >nios_proj.objdump
[nios_proj build complete]
21:28:05 **** Incremental Build of configuration Nios II for project nios_proj ****
make all 
Info: Building C:/Users/Class2018/Documents/Projects/Crypto_wallet/impl/nios_proj_bsp/
C:/intelFPGA_lite/18.1/nios2eds/bin/gnu/H-x86_64-mingw32/bin/make --no-print-directory -C C:/Users/Class2018/Documents/Projects/Crypto_wallet/impl/nios_proj_bsp/
[BSP build complete]
[nios_proj build complete]
19:03:37 **** Build of configuration Nios II for project nios_proj ****
make all 
Info: Building C:/Users/Class2018/Documents/Projects/Crypto_wallet/impl/nios_proj_bsp/
C:/intelFPGA_lite/18.1/nios2eds/bin/gnu/H-x86_64-mingw32/bin/make --no-print-directory -C C:/Users/Class2018/Documents/Projects/Crypto_wallet/impl/nios_proj_bsp/
[BSP build complete]
Info: Compiling ../../software/Source/wallet_main.c to obj/default/wallet_main.o
nios2-elf-gcc -xc -MP -MMD -c -IC:/Users/Class2018/Documents/Projects/Crypto_wallet/impl/nios_proj_bsp//HAL/inc -IC:/Users/Class2018/Documents/Projects/Crypto_wallet/impl/nios_proj_bsp/ -IC:/Users/Class2018/Documents/Projects/Crypto_wallet/impl/nios_proj_bsp//drivers/inc  -pipe -D__hal__ -DALT_NO_INSTRUCTION_EMULATION -DSMALL_C_LIB -DALT_SINGLE_THREADED    -O0 -g -Wall   -mno-hw-div -mno-hw-mul -mno-hw-mulx -mgpopt=global  -o obj/default/wallet_main.o ../../software/Source/wallet_main.c
../../software/Source/wallet_main.c: In function 'niosTest':
../../software/Source/wallet_main.c:27:12: warning: variable 'buttons' set but not used [-Wunused-but-set-variable]
     alt_u8 buttons;
            ^
Info: Linking nios_proj.elf
nios2-elf-g++  -T'C:/Users/Class2018/Documents/Projects/Crypto_wallet/impl/nios_proj_bsp//linker.x' -msys-crt0='C:/Users/Class2018/Documents/Projects/Crypto_wallet/impl/nios_proj_bsp//obj/HAL/src/crt0.o' -msys-lib=hal_bsp -LC:/Users/Class2018/Documents/Projects/Crypto_wallet/impl/nios_proj_bsp/  -msmallc  -Wl,-Map=nios_proj.map   -O0 -g -Wall   -mno-hw-div -mno-hw-mul -mno-hw-mulx -mgpopt=global  -o nios_proj.elf obj/default/wallet_main.o -lm -msys-lib=m
nios2-elf-insert nios_proj.elf --thread_model hal --cpu_name cpu --qsys true --simulation_enabled false --id 0 --sidp 0x20120b0 --timestamp 1543457461 --stderr_dev jtag_uart --stdin_dev jtag_uart --stdout_dev jtag_uart --sopc_system_name crypto_wallet --quartus_project_dir "c:/Users/Class2018/Documents/Projects/Crypto_wallet/impl/qsys" --sopcinfo C:/Users/Class2018/Documents/Projects/Crypto_wallet/impl/qsys/crypto_wallet.sopcinfo
Info: (nios_proj.elf) 23 KBytes program size (code + initialized data).
Info:                 32762 KBytes free for stack + heap.
Info: Creating nios_proj.objdump
nios2-elf-objdump --disassemble --syms --all-header --source nios_proj.elf >nios_proj.objdump
[nios_proj build complete]
19:03:45 **** Build of configuration Nios II for project nios_proj_bsp ****
make all 
[BSP build complete]
20:02:27 **** Incremental Build of configuration Nios II for project nios_proj ****
make all 
Info: Building C:/Users/Class2018/Documents/Projects/Crypto_wallet/impl/nios_proj_bsp/
C:/intelFPGA_lite/18.1/nios2eds/bin/gnu/H-x86_64-mingw32/bin/make --no-print-directory -C C:/Users/Class2018/Documents/Projects/Crypto_wallet/impl/nios_proj_bsp/
[BSP build complete]
Info: Compiling ../../software/Source/wallet_bip39.c to obj/default/wallet_bip39.o
nios2-elf-gcc -xc -MP -MMD -c -IC:/Users/Class2018/Documents/Projects/Crypto_wallet/impl/nios_proj_bsp//HAL/inc -IC:/Users/Class2018/Documents/Projects/Crypto_wallet/impl/nios_proj_bsp/ -IC:/Users/Class2018/Documents/Projects/Crypto_wallet/impl/nios_proj_bsp//drivers/inc  -pipe -D__hal__ -DALT_NO_INSTRUCTION_EMULATION -DSMALL_C_LIB -DALT_SINGLE_THREADED    -O0 -g -Wall   -mno-hw-div -mno-hw-mul -mno-hw-mulx -mgpopt=global  -o obj/default/wallet_bip39.o ../../software/Source/wallet_bip39.c
../../software/Source/wallet_bip39.c:5:1: error: expected identifier or '(' before '{' token
 {
 ^
../../software/Source/wallet_bip39.c:19:1: error: expected '=', ',', ';', 'asm' or '__attribute__' before 'const'
 const char *ECchrMnemonicWorldListArrPtr[] = {
 ^
make: *** [obj/default/wallet_bip39.o] Error 1
20:02:30 **** Incremental Build of configuration Nios II for project nios_proj_bsp ****
make all 
[BSP build complete]
20:03:06 **** Incremental Build of configuration Nios II for project nios_proj ****
make all 
Info: Building C:/Users/Class2018/Documents/Projects/Crypto_wallet/impl/nios_proj_bsp/
C:/intelFPGA_lite/18.1/nios2eds/bin/gnu/H-x86_64-mingw32/bin/make --no-print-directory -C C:/Users/Class2018/Documents/Projects/Crypto_wallet/impl/nios_proj_bsp/
[BSP build complete]
Info: Compiling ../../software/Source/wallet_bip39.c to obj/default/wallet_bip39.o
nios2-elf-gcc -xc -MP -MMD -c -IC:/Users/Class2018/Documents/Projects/Crypto_wallet/impl/nios_proj_bsp//HAL/inc -IC:/Users/Class2018/Documents/Projects/Crypto_wallet/impl/nios_proj_bsp/ -IC:/Users/Class2018/Documents/Projects/Crypto_wallet/impl/nios_proj_bsp//drivers/inc  -pipe -D__hal__ -DALT_NO_INSTRUCTION_EMULATION -DSMALL_C_LIB -DALT_SINGLE_THREADED    -O0 -g -Wall   -mno-hw-div -mno-hw-mul -mno-hw-mulx -mgpopt=global  -o obj/default/wallet_bip39.o ../../software/Source/wallet_bip39.c
Info: Compiling ../../software/Source/wallet_main.c to obj/default/wallet_main.o
nios2-elf-gcc -xc -MP -MMD -c -IC:/Users/Class2018/Documents/Projects/Crypto_wallet/impl/nios_proj_bsp//HAL/inc -IC:/Users/Class2018/Documents/Projects/Crypto_wallet/impl/nios_proj_bsp/ -IC:/Users/Class2018/Documents/Projects/Crypto_wallet/impl/nios_proj_bsp//drivers/inc  -pipe -D__hal__ -DALT_NO_INSTRUCTION_EMULATION -DSMALL_C_LIB -DALT_SINGLE_THREADED    -O0 -g -Wall   -mno-hw-div -mno-hw-mul -mno-hw-mulx -mgpopt=global  -o obj/default/wallet_main.o ../../software/Source/wallet_main.c
../../software/Source/wallet_main.c:13:37: fatal error: ..'Include\wallet_bip39.h: No such file or directory
compilation terminated.
make: *** [obj/default/wallet_main.o] Error 1
20:03:08 **** Incremental Build of configuration Nios II for project nios_proj_bsp ****
make all 
[BSP build complete]
20:03:29 **** Incremental Build of configuration Nios II for project nios_proj ****
make all 
Info: Building C:/Users/Class2018/Documents/Projects/Crypto_wallet/impl/nios_proj_bsp/
C:/intelFPGA_lite/18.1/nios2eds/bin/gnu/H-x86_64-mingw32/bin/make --no-print-directory -C C:/Users/Class2018/Documents/Projects/Crypto_wallet/impl/nios_proj_bsp/
[BSP build complete]
Info: Compiling ../../software/Source/wallet_main.c to obj/default/wallet_main.o
nios2-elf-gcc -xc -MP -MMD -c -IC:/Users/Class2018/Documents/Projects/Crypto_wallet/impl/nios_proj_bsp//HAL/inc -IC:/Users/Class2018/Documents/Projects/Crypto_wallet/impl/nios_proj_bsp/ -IC:/Users/Class2018/Documents/Projects/Crypto_wallet/impl/nios_proj_bsp//drivers/inc  -pipe -D__hal__ -DALT_NO_INSTRUCTION_EMULATION -DSMALL_C_LIB -DALT_SINGLE_THREADED    -O0 -g -Wall   -mno-hw-div -mno-hw-mul -mno-hw-mulx -mgpopt=global  -o obj/default/wallet_main.o ../../software/Source/wallet_main.c
../../software/Source/wallet_main.c:13:26: fatal error: wallet_bip39.h: No such file or directory
compilation terminated.
make: *** [obj/default/wallet_main.o] Error 1
20:03:31 **** Incremental Build of configuration Nios II for project nios_proj_bsp ****
make all 
[BSP build complete]
20:03:44 **** Incremental Build of configuration Nios II for project nios_proj ****
make all 
Info: Building C:/Users/Class2018/Documents/Projects/Crypto_wallet/impl/nios_proj_bsp/
C:/intelFPGA_lite/18.1/nios2eds/bin/gnu/H-x86_64-mingw32/bin/make --no-print-directory -C C:/Users/Class2018/Documents/Projects/Crypto_wallet/impl/nios_proj_bsp/
[BSP build complete]
Info: Compiling ../../software/Source/wallet_main.c to obj/default/wallet_main.o
nios2-elf-gcc -xc -MP -MMD -c -IC:/Users/Class2018/Documents/Projects/Crypto_wallet/impl/nios_proj_bsp//HAL/inc -IC:/Users/Class2018/Documents/Projects/Crypto_wallet/impl/nios_proj_bsp/ -IC:/Users/Class2018/Documents/Projects/Crypto_wallet/impl/nios_proj_bsp//drivers/inc  -pipe -D__hal__ -DALT_NO_INSTRUCTION_EMULATION -DSMALL_C_LIB -DALT_SINGLE_THREADED    -O0 -g -Wall   -mno-hw-div -mno-hw-mul -mno-hw-mulx -mgpopt=global  -o obj/default/wallet_main.o ../../software/Source/wallet_main.c
../../software/Source/wallet_main.c: In function 'niosTest':
../../software/Source/wallet_main.c:28:12: warning: variable 'buttons' set but not used [-Wunused-but-set-variable]
     alt_u8 buttons;
            ^
../../software/Source/wallet_main.c: In function 'main':
../../software/Source/wallet_main.c:56:28: warning: implicit declaration of function 'FchrMenomicGenerate' [-Wimplicit-function-declaration]
  const char * CchrPhrase = FchrMenomicGenerate(256);
                            ^
../../software/Source/wallet_main.c:56:28: warning: initialization makes pointer from integer without a cast [-Wint-conversion]
Info: Linking nios_proj.elf
nios2-elf-g++  -T'C:/Users/Class2018/Documents/Projects/Crypto_wallet/impl/nios_proj_bsp//linker.x' -msys-crt0='C:/Users/Class2018/Documents/Projects/Crypto_wallet/impl/nios_proj_bsp//obj/HAL/src/crt0.o' -msys-lib=hal_bsp -LC:/Users/Class2018/Documents/Projects/Crypto_wallet/impl/nios_proj_bsp/  -msmallc  -Wl,-Map=nios_proj.map   -O0 -g -Wall   -mno-hw-div -mno-hw-mul -mno-hw-mulx -mgpopt=global  -o nios_proj.elf obj/default/wallet_bip39.o obj/default/wallet_main.o -lm -msys-lib=m
obj/default/wallet_bip39.o: In function `FchrMnemonicGenerate':
C:\Users\Class2018\Documents\Projects\Crypto_wallet\impl\nios_proj/../../software/Source/wallet_bip39.c:12: undefined reference to `ECchrMenomicWorldListArrPtr'
C:\Users\Class2018\Documents\Projects\Crypto_wallet\impl\nios_proj/../../software/Source/wallet_bip39.c:12: undefined reference to `ECchrMenomicWorldListArrPtr'
obj/default/wallet_main.o: In function `main':
C:\Users\Class2018\Documents\Projects\Crypto_wallet\impl\nios_proj/../../software/Source/wallet_main.c:56: undefined reference to `FchrMenomicGenerate'
collect2.exe: error: ld returned 1 exit status
make: *** [nios_proj.elf] Error 1
20:03:46 **** Incremental Build of configuration Nios II for project nios_proj_bsp ****
make all 
[BSP build complete]
20:04:04 **** Incremental Build of configuration Nios II for project nios_proj ****
make all 
Info: Building C:/Users/Class2018/Documents/Projects/Crypto_wallet/impl/nios_proj_bsp/
C:/intelFPGA_lite/18.1/nios2eds/bin/gnu/H-x86_64-mingw32/bin/make --no-print-directory -C C:/Users/Class2018/Documents/Projects/Crypto_wallet/impl/nios_proj_bsp/
[BSP build complete]
Info: Compiling ../../software/Source/wallet_bip39.c to obj/default/wallet_bip39.o
nios2-elf-gcc -xc -MP -MMD -c -IC:/Users/Class2018/Documents/Projects/Crypto_wallet/impl/nios_proj_bsp//HAL/inc -IC:/Users/Class2018/Documents/Projects/Crypto_wallet/impl/nios_proj_bsp/ -IC:/Users/Class2018/Documents/Projects/Crypto_wallet/impl/nios_proj_bsp//drivers/inc  -pipe -D__hal__ -DALT_NO_INSTRUCTION_EMULATION -DSMALL_C_LIB -DALT_SINGLE_THREADED    -O0 -g -Wall   -mno-hw-div -mno-hw-mul -mno-hw-mulx -mgpopt=global  -o obj/default/wallet_bip39.o ../../software/Source/wallet_bip39.c
../../software/Source/wallet_bip39.c: In function 'FchrMnemonicGenerate':
../../software/Source/wallet_bip39.c:12:13: error: 'ECchrMnemonicWorldListArrPtr' undeclared (first use in this function)
      return ECchrMnemonicWorldListArrPtr[0];
             ^
../../software/Source/wallet_bip39.c:12:13: note: each undeclared identifier is reported only once for each function it appears in
../../software/Source/wallet_bip39.c:14:1: warning: control reaches end of non-void function [-Wreturn-type]
 }
 ^
make: *** [obj/default/wallet_bip39.o] Error 1
20:04:05 **** Incremental Build of configuration Nios II for project nios_proj_bsp ****
make all 
[BSP build complete]
20:04:18 **** Incremental Build of configuration Nios II for project nios_proj ****
make all 
Info: Building C:/Users/Class2018/Documents/Projects/Crypto_wallet/impl/nios_proj_bsp/
C:/intelFPGA_lite/18.1/nios2eds/bin/gnu/H-x86_64-mingw32/bin/make --no-print-directory -C C:/Users/Class2018/Documents/Projects/Crypto_wallet/impl/nios_proj_bsp/
[BSP build complete]
Info: Compiling ../../software/Source/wallet_bip39.c to obj/default/wallet_bip39.o
nios2-elf-gcc -xc -MP -MMD -c -IC:/Users/Class2018/Documents/Projects/Crypto_wallet/impl/nios_proj_bsp//HAL/inc -IC:/Users/Class2018/Documents/Projects/Crypto_wallet/impl/nios_proj_bsp/ -IC:/Users/Class2018/Documents/Projects/Crypto_wallet/impl/nios_proj_bsp//drivers/inc  -pipe -D__hal__ -DALT_NO_INSTRUCTION_EMULATION -DSMALL_C_LIB -DALT_SINGLE_THREADED    -O0 -g -Wall   -mno-hw-div -mno-hw-mul -mno-hw-mulx -mgpopt=global  -o obj/default/wallet_bip39.o ../../software/Source/wallet_bip39.c
../../software/Source/wallet_bip39.c: In function 'FchrMnemonicGenerate':
../../software/Source/wallet_bip39.c:12:13: error: 'ECchrMnemonicWorldListArrPtr' undeclared (first use in this function)
      return ECchrMnemonicWorldListArrPtr[0];
             ^
../../software/Source/wallet_bip39.c:12:13: note: each undeclared identifier is reported only once for each function it appears in
../../software/Source/wallet_bip39.c:14:1: warning: control reaches end of non-void function [-Wreturn-type]
 }
 ^
make: *** [obj/default/wallet_bip39.o] Error 1
20:04:20 **** Incremental Build of configuration Nios II for project nios_proj_bsp ****
make all 
[BSP build complete]
20:07:50 **** Incremental Build of configuration Nios II for project nios_proj ****
make all 
Info: Building C:/Users/Class2018/Documents/Projects/Crypto_wallet/impl/nios_proj_bsp/
C:/intelFPGA_lite/18.1/nios2eds/bin/gnu/H-x86_64-mingw32/bin/make --no-print-directory -C C:/Users/Class2018/Documents/Projects/Crypto_wallet/impl/nios_proj_bsp/
[BSP build complete]
Info: Compiling ../../software/Source/wallet_bip39.c to obj/default/wallet_bip39.o
nios2-elf-gcc -xc -MP -MMD -c -IC:/Users/Class2018/Documents/Projects/Crypto_wallet/impl/nios_proj_bsp//HAL/inc -IC:/Users/Class2018/Documents/Projects/Crypto_wallet/impl/nios_proj_bsp/ -IC:/Users/Class2018/Documents/Projects/Crypto_wallet/impl/nios_proj_bsp//drivers/inc  -pipe -D__hal__ -DALT_NO_INSTRUCTION_EMULATION -DSMALL_C_LIB -DALT_SINGLE_THREADED    -O0 -g -Wall   -mno-hw-div -mno-hw-mul -mno-hw-mulx -mgpopt=global  -o obj/default/wallet_bip39.o ../../software/Source/wallet_bip39.c
In file included from ../../software/Source/wallet_bip39.c:1:0:
../../software/Source/..\Include\wallet_bip39.h:15:42: fatal error: ..\Include\wallet_bip39_list.h: No such file or directory
compilation terminated.
make: *** [obj/default/wallet_bip39.o] Error 1
20:07:52 **** Incremental Build of configuration Nios II for project nios_proj_bsp ****
make all 
[BSP build complete]
20:08:06 **** Incremental Build of configuration Nios II for project nios_proj ****
make all 
Info: Building C:/Users/Class2018/Documents/Projects/Crypto_wallet/impl/nios_proj_bsp/
C:/intelFPGA_lite/18.1/nios2eds/bin/gnu/H-x86_64-mingw32/bin/make --no-print-directory -C C:/Users/Class2018/Documents/Projects/Crypto_wallet/impl/nios_proj_bsp/
[BSP build complete]
Info: Compiling ../../software/Source/wallet_bip39.c to obj/default/wallet_bip39.o
nios2-elf-gcc -xc -MP -MMD -c -IC:/Users/Class2018/Documents/Projects/Crypto_wallet/impl/nios_proj_bsp//HAL/inc -IC:/Users/Class2018/Documents/Projects/Crypto_wallet/impl/nios_proj_bsp/ -IC:/Users/Class2018/Documents/Projects/Crypto_wallet/impl/nios_proj_bsp//drivers/inc  -pipe -D__hal__ -DALT_NO_INSTRUCTION_EMULATION -DSMALL_C_LIB -DALT_SINGLE_THREADED    -O0 -g -Wall   -mno-hw-div -mno-hw-mul -mno-hw-mulx -mgpopt=global  -o obj/default/wallet_bip39.o ../../software/Source/wallet_bip39.c
In file included from ../../software/Source/wallet_bip39.c:1:0:
../../software/Source/..\Include\wallet_bip39.h:15:42: fatal error: ..\Include\wallet_bip39_list.h: No such file or directory
compilation terminated.
make: *** [obj/default/wallet_bip39.o] Error 1
20:08:08 **** Incremental Build of configuration Nios II for project nios_proj_bsp ****
make all 
[BSP build complete]
20:08:15 **** Incremental Build of configuration Nios II for project nios_proj ****
make all 
Info: Building C:/Users/Class2018/Documents/Projects/Crypto_wallet/impl/nios_proj_bsp/
C:/intelFPGA_lite/18.1/nios2eds/bin/gnu/H-x86_64-mingw32/bin/make --no-print-directory -C C:/Users/Class2018/Documents/Projects/Crypto_wallet/impl/nios_proj_bsp/
[BSP build complete]
Info: Compiling ../../software/Source/wallet_bip39.c to obj/default/wallet_bip39.o
nios2-elf-gcc -xc -MP -MMD -c -IC:/Users/Class2018/Documents/Projects/Crypto_wallet/impl/nios_proj_bsp//HAL/inc -IC:/Users/Class2018/Documents/Projects/Crypto_wallet/impl/nios_proj_bsp/ -IC:/Users/Class2018/Documents/Projects/Crypto_wallet/impl/nios_proj_bsp//drivers/inc  -pipe -D__hal__ -DALT_NO_INSTRUCTION_EMULATION -DSMALL_C_LIB -DALT_SINGLE_THREADED    -O0 -g -Wall   -mno-hw-div -mno-hw-mul -mno-hw-mulx -mgpopt=global  -o obj/default/wallet_bip39.o ../../software/Source/wallet_bip39.c
../../software/Source/wallet_bip39.c: In function 'FchrMnemonicGenerate':
../../software/Source/wallet_bip39.c:12:13: error: 'ECchrMnemonicWorldListArrPtr' undeclared (first use in this function)
      return ECchrMnemonicWorldListArrPtr[0];
             ^
../../software/Source/wallet_bip39.c:12:13: note: each undeclared identifier is reported only once for each function it appears in
../../software/Source/wallet_bip39.c:14:1: warning: control reaches end of non-void function [-Wreturn-type]
 }
 ^
make: *** [obj/default/wallet_bip39.o] Error 1
20:08:17 **** Incremental Build of configuration Nios II for project nios_proj_bsp ****
make all 
[BSP build complete]
20:10:09 **** Incremental Build of configuration Nios II for project nios_proj ****
make all 
Info: Building C:/Users/Class2018/Documents/Projects/Crypto_wallet/impl/nios_proj_bsp/
C:/intelFPGA_lite/18.1/nios2eds/bin/gnu/H-x86_64-mingw32/bin/make --no-print-directory -C C:/Users/Class2018/Documents/Projects/Crypto_wallet/impl/nios_proj_bsp/
[BSP build complete]
Info: Compiling ../../software/Source/wallet_bip39.c to obj/default/wallet_bip39.o
nios2-elf-gcc -xc -MP -MMD -c -IC:/Users/Class2018/Documents/Projects/Crypto_wallet/impl/nios_proj_bsp//HAL/inc -IC:/Users/Class2018/Documents/Projects/Crypto_wallet/impl/nios_proj_bsp/ -IC:/Users/Class2018/Documents/Projects/Crypto_wallet/impl/nios_proj_bsp//drivers/inc  -pipe -D__hal__ -DALT_NO_INSTRUCTION_EMULATION -DSMALL_C_LIB -DALT_SINGLE_THREADED    -O0 -g -Wall   -mno-hw-div -mno-hw-mul -mno-hw-mulx -mgpopt=global  -o obj/default/wallet_bip39.o ../../software/Source/wallet_bip39.c
Info: Compiling ../../software/Source/wallet_bip39_list.c to obj/default/wallet_bip39_list.o
nios2-elf-gcc -xc -MP -MMD -c -IC:/Users/Class2018/Documents/Projects/Crypto_wallet/impl/nios_proj_bsp//HAL/inc -IC:/Users/Class2018/Documents/Projects/Crypto_wallet/impl/nios_proj_bsp/ -IC:/Users/Class2018/Documents/Projects/Crypto_wallet/impl/nios_proj_bsp//drivers/inc  -pipe -D__hal__ -DALT_NO_INSTRUCTION_EMULATION -DSMALL_C_LIB -DALT_SINGLE_THREADED    -O0 -g -Wall   -mno-hw-div -mno-hw-mul -mno-hw-mulx -mgpopt=global  -o obj/default/wallet_bip39_list.o ../../software/Source/wallet_bip39_list.c
Info: Compiling ../../software/Source/wallet_main.c to obj/default/wallet_main.o
nios2-elf-gcc -xc -MP -MMD -c -IC:/Users/Class2018/Documents/Projects/Crypto_wallet/impl/nios_proj_bsp//HAL/inc -IC:/Users/Class2018/Documents/Projects/Crypto_wallet/impl/nios_proj_bsp/ -IC:/Users/Class2018/Documents/Projects/Crypto_wallet/impl/nios_proj_bsp//drivers/inc  -pipe -D__hal__ -DALT_NO_INSTRUCTION_EMULATION -DSMALL_C_LIB -DALT_SINGLE_THREADED    -O0 -g -Wall   -mno-hw-div -mno-hw-mul -mno-hw-mulx -mgpopt=global  -o obj/default/wallet_main.o ../../software/Source/wallet_main.c
../../software/Source/wallet_main.c: In function 'niosTest':
../../software/Source/wallet_main.c:28:12: warning: variable 'buttons' set but not used [-Wunused-but-set-variable]
     alt_u8 buttons;
            ^
../../software/Source/wallet_main.c: In function 'main':
../../software/Source/wallet_main.c:56:28: warning: implicit declaration of function 'FchrMenomicGenerate' [-Wimplicit-function-declaration]
  const char * CchrPhrase = FchrMenomicGenerate(256);
                            ^
../../software/Source/wallet_main.c:56:28: warning: initialization makes pointer from integer without a cast [-Wint-conversion]
Info: Linking nios_proj.elf
nios2-elf-g++  -T'C:/Users/Class2018/Documents/Projects/Crypto_wallet/impl/nios_proj_bsp//linker.x' -msys-crt0='C:/Users/Class2018/Documents/Projects/Crypto_wallet/impl/nios_proj_bsp//obj/HAL/src/crt0.o' -msys-lib=hal_bsp -LC:/Users/Class2018/Documents/Projects/Crypto_wallet/impl/nios_proj_bsp/  -msmallc  -Wl,-Map=nios_proj.map   -O0 -g -Wall   -mno-hw-div -mno-hw-mul -mno-hw-mulx -mgpopt=global  -o nios_proj.elf obj/default/wallet_bip39.o obj/default/wallet_bip39_list.o obj/default/wallet_main.o -lm -msys-lib=m
obj/default/wallet_bip39.o: In function `FchrMnemonicGenerate':
C:\Users\Class2018\Documents\Projects\Crypto_wallet\impl\nios_proj/../../software/Source/wallet_bip39.c:12: undefined reference to `ECchrMenomicWorldListArrPtr'
C:\Users\Class2018\Documents\Projects\Crypto_wallet\impl\nios_proj/../../software/Source/wallet_bip39.c:12: undefined reference to `ECchrMenomicWorldListArrPtr'
obj/default/wallet_main.o: In function `main':
C:\Users\Class2018\Documents\Projects\Crypto_wallet\impl\nios_proj/../../software/Source/wallet_main.c:56: undefined reference to `FchrMenomicGenerate'
collect2.exe: error: ld returned 1 exit status
make: *** [nios_proj.elf] Error 1
20:10:12 **** Incremental Build of configuration Nios II for project nios_proj_bsp ****
make all 
[BSP build complete]
20:12:45 **** Incremental Build of configuration Nios II for project nios_proj ****
make all 
Info: Building C:/Users/Class2018/Documents/Projects/Crypto_wallet/impl/nios_proj_bsp/
C:/intelFPGA_lite/18.1/nios2eds/bin/gnu/H-x86_64-mingw32/bin/make --no-print-directory -C C:/Users/Class2018/Documents/Projects/Crypto_wallet/impl/nios_proj_bsp/
[BSP build complete]
Info: Compiling ../../software/Source/wallet_bip39.c to obj/default/wallet_bip39.o
nios2-elf-gcc -xc -MP -MMD -c -IC:/Users/Class2018/Documents/Projects/Crypto_wallet/impl/nios_proj_bsp//HAL/inc -IC:/Users/Class2018/Documents/Projects/Crypto_wallet/impl/nios_proj_bsp/ -IC:/Users/Class2018/Documents/Projects/Crypto_wallet/impl/nios_proj_bsp//drivers/inc  -pipe -D__hal__ -DALT_NO_INSTRUCTION_EMULATION -DSMALL_C_LIB -DALT_SINGLE_THREADED    -O0 -g -Wall   -mno-hw-div -mno-hw-mul -mno-hw-mulx -mgpopt=global  -o obj/default/wallet_bip39.o ../../software/Source/wallet_bip39.c
In file included from ../../software/Source/..\Include\wallet_bip39.h:15:0,
                 from ../../software/Source/wallet_bip39.c:1:
../../software/Source/..\Include\..\Include\wallet_bip39_list.h:2064:2: error: #endif without #if
 #endif
  ^
make: *** [obj/default/wallet_bip39.o] Error 1
20:12:47 **** Incremental Build of configuration Nios II for project nios_proj_bsp ****
make all 
[BSP build complete]
20:13:17 **** Incremental Build of configuration Nios II for project nios_proj ****
make all 
Info: Building C:/Users/Class2018/Documents/Projects/Crypto_wallet/impl/nios_proj_bsp/
C:/intelFPGA_lite/18.1/nios2eds/bin/gnu/H-x86_64-mingw32/bin/make --no-print-directory -C C:/Users/Class2018/Documents/Projects/Crypto_wallet/impl/nios_proj_bsp/
[BSP build complete]
Info: Compiling ../../software/Source/wallet_bip39.c to obj/default/wallet_bip39.o
nios2-elf-gcc -xc -MP -MMD -c -IC:/Users/Class2018/Documents/Projects/Crypto_wallet/impl/nios_proj_bsp//HAL/inc -IC:/Users/Class2018/Documents/Projects/Crypto_wallet/impl/nios_proj_bsp/ -IC:/Users/Class2018/Documents/Projects/Crypto_wallet/impl/nios_proj_bsp//drivers/inc  -pipe -D__hal__ -DALT_NO_INSTRUCTION_EMULATION -DSMALL_C_LIB -DALT_SINGLE_THREADED    -O0 -g -Wall   -mno-hw-div -mno-hw-mul -mno-hw-mulx -mgpopt=global  -o obj/default/wallet_bip39.o ../../software/Source/wallet_bip39.c
Info: Compiling ../../software/Source/wallet_main.c to obj/default/wallet_main.o
nios2-elf-gcc -xc -MP -MMD -c -IC:/Users/Class2018/Documents/Projects/Crypto_wallet/impl/nios_proj_bsp//HAL/inc -IC:/Users/Class2018/Documents/Projects/Crypto_wallet/impl/nios_proj_bsp/ -IC:/Users/Class2018/Documents/Projects/Crypto_wallet/impl/nios_proj_bsp//drivers/inc  -pipe -D__hal__ -DALT_NO_INSTRUCTION_EMULATION -DSMALL_C_LIB -DALT_SINGLE_THREADED    -O0 -g -Wall   -mno-hw-div -mno-hw-mul -mno-hw-mulx -mgpopt=global  -o obj/default/wallet_main.o ../../software/Source/wallet_main.c
../../software/Source/wallet_main.c: In function 'niosTest':
../../software/Source/wallet_main.c:28:12: warning: variable 'buttons' set but not used [-Wunused-but-set-variable]
     alt_u8 buttons;
            ^
../../software/Source/wallet_main.c: In function 'main':
../../software/Source/wallet_main.c:56:28: warning: implicit declaration of function 'FchrMenomicGenerate' [-Wimplicit-function-declaration]
  const char * CchrPhrase = FchrMenomicGenerate(256);
                            ^
../../software/Source/wallet_main.c:56:28: warning: initialization makes pointer from integer without a cast [-Wint-conversion]
Info: Linking nios_proj.elf
nios2-elf-g++  -T'C:/Users/Class2018/Documents/Projects/Crypto_wallet/impl/nios_proj_bsp//linker.x' -msys-crt0='C:/Users/Class2018/Documents/Projects/Crypto_wallet/impl/nios_proj_bsp//obj/HAL/src/crt0.o' -msys-lib=hal_bsp -LC:/Users/Class2018/Documents/Projects/Crypto_wallet/impl/nios_proj_bsp/  -msmallc  -Wl,-Map=nios_proj.map   -O0 -g -Wall   -mno-hw-div -mno-hw-mul -mno-hw-mulx -mgpopt=global  -o nios_proj.elf obj/default/wallet_bip39.o obj/default/wallet_main.o -lm -msys-lib=m
obj/default/wallet_main.o:(.data+0x0): multiple definition of `ECchrMnemonicWorldListArrPtr'
obj/default/wallet_bip39.o:(.data+0x0): first defined here
c:/intelfpga_lite/18.1/nios2eds/bin/gnu/h-x86_64-mingw32/bin/../lib/gcc/nios2-elf/5.3.0/../../../../../H-x86_64-mingw32/nios2-elf/bin/ld.exe: Disabling relaxation: it will not work with multiple definitions
obj/default/wallet_bip39.o: In function `FchrMnemonicGenerate':
C:\Users\Class2018\Documents\Projects\Crypto_wallet\impl\nios_proj/../../software/Source/wallet_bip39.c:12: undefined reference to `ECchrMenomicWorldListArrPtr'
C:\Users\Class2018\Documents\Projects\Crypto_wallet\impl\nios_proj/../../software/Source/wallet_bip39.c:12: undefined reference to `ECchrMenomicWorldListArrPtr'
obj/default/wallet_main.o: In function `main':
C:\Users\Class2018\Documents\Projects\Crypto_wallet\impl\nios_proj/../../software/Source/wallet_main.c:56: undefined reference to `FchrMenomicGenerate'
collect2.exe: error: ld returned 1 exit status
make: *** [nios_proj.elf] Error 1
20:13:19 **** Incremental Build of configuration Nios II for project nios_proj_bsp ****
make all 
[BSP build complete]
20:13:32 **** Incremental Build of configuration Nios II for project nios_proj ****
make all 
Info: Building C:/Users/Class2018/Documents/Projects/Crypto_wallet/impl/nios_proj_bsp/
C:/intelFPGA_lite/18.1/nios2eds/bin/gnu/H-x86_64-mingw32/bin/make --no-print-directory -C C:/Users/Class2018/Documents/Projects/Crypto_wallet/impl/nios_proj_bsp/
[BSP build complete]
Info: Compiling ../../software/Source/wallet_bip39.c to obj/default/wallet_bip39.o
nios2-elf-gcc -xc -MP -MMD -c -IC:/Users/Class2018/Documents/Projects/Crypto_wallet/impl/nios_proj_bsp//HAL/inc -IC:/Users/Class2018/Documents/Projects/Crypto_wallet/impl/nios_proj_bsp/ -IC:/Users/Class2018/Documents/Projects/Crypto_wallet/impl/nios_proj_bsp//drivers/inc  -pipe -D__hal__ -DALT_NO_INSTRUCTION_EMULATION -DSMALL_C_LIB -DALT_SINGLE_THREADED    -O0 -g -Wall   -mno-hw-div -mno-hw-mul -mno-hw-mulx -mgpopt=global  -o obj/default/wallet_bip39.o ../../software/Source/wallet_bip39.c
Info: Linking nios_proj.elf
nios2-elf-g++  -T'C:/Users/Class2018/Documents/Projects/Crypto_wallet/impl/nios_proj_bsp//linker.x' -msys-crt0='C:/Users/Class2018/Documents/Projects/Crypto_wallet/impl/nios_proj_bsp//obj/HAL/src/crt0.o' -msys-lib=hal_bsp -LC:/Users/Class2018/Documents/Projects/Crypto_wallet/impl/nios_proj_bsp/  -msmallc  -Wl,-Map=nios_proj.map   -O0 -g -Wall   -mno-hw-div -mno-hw-mul -mno-hw-mulx -mgpopt=global  -o nios_proj.elf obj/default/wallet_bip39.o obj/default/wallet_main.o -lm -msys-lib=m
obj/default/wallet_main.o:(.data+0x0): multiple definition of `ECchrMnemonicWorldListArrPtr'
obj/default/wallet_bip39.o:(.data+0x0): first defined here
c:/intelfpga_lite/18.1/nios2eds/bin/gnu/h-x86_64-mingw32/bin/../lib/gcc/nios2-elf/5.3.0/../../../../../H-x86_64-mingw32/nios2-elf/bin/ld.exe: Disabling relaxation: it will not work with multiple definitions
obj/default/wallet_bip39.o: In function `FchrMnemonicGenerate':
C:\Users\Class2018\Documents\Projects\Crypto_wallet\impl\nios_proj/../../software/Source/wallet_bip39.c:13: undefined reference to `ECchrMenomicWorldListArrPtr'
C:\Users\Class2018\Documents\Projects\Crypto_wallet\impl\nios_proj/../../software/Source/wallet_bip39.c:13: undefined reference to `ECchrMenomicWorldListArrPtr'
obj/default/wallet_main.o: In function `main':
C:\Users\Class2018\Documents\Projects\Crypto_wallet\impl\nios_proj/../../software/Source/wallet_main.c:56: undefined reference to `FchrMenomicGenerate'
collect2.exe: error: ld returned 1 exit status
make: *** [nios_proj.elf] Error 1
20:13:34 **** Incremental Build of configuration Nios II for project nios_proj_bsp ****
make all 
[BSP build complete]
20:18:09 **** Incremental Build of configuration Nios II for project nios_proj ****
make all 
Info: Building C:/Users/Class2018/Documents/Projects/Crypto_wallet/impl/nios_proj_bsp/
C:/intelFPGA_lite/18.1/nios2eds/bin/gnu/H-x86_64-mingw32/bin/make --no-print-directory -C C:/Users/Class2018/Documents/Projects/Crypto_wallet/impl/nios_proj_bsp/
[BSP build complete]
Info: Compiling ../../software/Source/wallet_bip39.c to obj/default/wallet_bip39.o
nios2-elf-gcc -xc -MP -MMD -c -IC:/Users/Class2018/Documents/Projects/Crypto_wallet/impl/nios_proj_bsp//HAL/inc -IC:/Users/Class2018/Documents/Projects/Crypto_wallet/impl/nios_proj_bsp/ -IC:/Users/Class2018/Documents/Projects/Crypto_wallet/impl/nios_proj_bsp//drivers/inc  -pipe -D__hal__ -DALT_NO_INSTRUCTION_EMULATION -DSMALL_C_LIB -DALT_SINGLE_THREADED    -O0 -g -Wall   -mno-hw-div -mno-hw-mul -mno-hw-mulx -mgpopt=global  -o obj/default/wallet_bip39.o ../../software/Source/wallet_bip39.c
Info: Compiling ../../software/Source/wallet_main.c to obj/default/wallet_main.o
nios2-elf-gcc -xc -MP -MMD -c -IC:/Users/Class2018/Documents/Projects/Crypto_wallet/impl/nios_proj_bsp//HAL/inc -IC:/Users/Class2018/Documents/Projects/Crypto_wallet/impl/nios_proj_bsp/ -IC:/Users/Class2018/Documents/Projects/Crypto_wallet/impl/nios_proj_bsp//drivers/inc  -pipe -D__hal__ -DALT_NO_INSTRUCTION_EMULATION -DSMALL_C_LIB -DALT_SINGLE_THREADED    -O0 -g -Wall   -mno-hw-div -mno-hw-mul -mno-hw-mulx -mgpopt=global  -o obj/default/wallet_main.o ../../software/Source/wallet_main.c
../../software/Source/wallet_main.c: In function 'niosTest':
../../software/Source/wallet_main.c:28:12: warning: variable 'buttons' set but not used [-Wunused-but-set-variable]
     alt_u8 buttons;
            ^
../../software/Source/wallet_main.c: In function 'main':
../../software/Source/wallet_main.c:56:28: warning: implicit declaration of function 'FchrMenomicGenerate' [-Wimplicit-function-declaration]
  const char * CchrPhrase = FchrMenomicGenerate(256);
                            ^
../../software/Source/wallet_main.c:56:28: warning: initialization makes pointer from integer without a cast [-Wint-conversion]
Info: Linking nios_proj.elf
nios2-elf-g++  -T'C:/Users/Class2018/Documents/Projects/Crypto_wallet/impl/nios_proj_bsp//linker.x' -msys-crt0='C:/Users/Class2018/Documents/Projects/Crypto_wallet/impl/nios_proj_bsp//obj/HAL/src/crt0.o' -msys-lib=hal_bsp -LC:/Users/Class2018/Documents/Projects/Crypto_wallet/impl/nios_proj_bsp/  -msmallc  -Wl,-Map=nios_proj.map   -O0 -g -Wall   -mno-hw-div -mno-hw-mul -mno-hw-mulx -mgpopt=global  -o nios_proj.elf obj/default/wallet_bip39.o obj/default/wallet_main.o -lm -msys-lib=m
obj/default/wallet_bip39.o: In function `FchrMnemonicGenerate':
C:\Users\Class2018\Documents\Projects\Crypto_wallet\impl\nios_proj/../../software/Source/wallet_bip39.c:13: undefined reference to `ECchrMenomicWorldListArrPtr'
C:\Users\Class2018\Documents\Projects\Crypto_wallet\impl\nios_proj/../../software/Source/wallet_bip39.c:13: undefined reference to `ECchrMenomicWorldListArrPtr'
obj/default/wallet_main.o: In function `main':
C:\Users\Class2018\Documents\Projects\Crypto_wallet\impl\nios_proj/../../software/Source/wallet_main.c:56: undefined reference to `FchrMenomicGenerate'
collect2.exe: error: ld returned 1 exit status
make: *** [nios_proj.elf] Error 1
20:18:11 **** Incremental Build of configuration Nios II for project nios_proj_bsp ****
make all 
[BSP build complete]
20:18:22 **** Incremental Build of configuration Nios II for project nios_proj ****
make all 
Info: Building C:/Users/Class2018/Documents/Projects/Crypto_wallet/impl/nios_proj_bsp/
C:/intelFPGA_lite/18.1/nios2eds/bin/gnu/H-x86_64-mingw32/bin/make --no-print-directory -C C:/Users/Class2018/Documents/Projects/Crypto_wallet/impl/nios_proj_bsp/
[BSP build complete]
Info: Compiling ../../software/Source/wallet_bip39.c to obj/default/wallet_bip39.o
nios2-elf-gcc -xc -MP -MMD -c -IC:/Users/Class2018/Documents/Projects/Crypto_wallet/impl/nios_proj_bsp//HAL/inc -IC:/Users/Class2018/Documents/Projects/Crypto_wallet/impl/nios_proj_bsp/ -IC:/Users/Class2018/Documents/Projects/Crypto_wallet/impl/nios_proj_bsp//drivers/inc  -pipe -D__hal__ -DALT_NO_INSTRUCTION_EMULATION -DSMALL_C_LIB -DALT_SINGLE_THREADED    -O0 -g -Wall   -mno-hw-div -mno-hw-mul -mno-hw-mulx -mgpopt=global  -o obj/default/wallet_bip39.o ../../software/Source/wallet_bip39.c
../../software/Source/wallet_bip39.c:17:20: warning: 'ECchrMnemonicWorldListArrPtr' defined but not used [-Wunused-variable]
 static const char *ECchrMnemonicWorldListArrPtr[] = {
                    ^
Info: Linking nios_proj.elf
nios2-elf-g++  -T'C:/Users/Class2018/Documents/Projects/Crypto_wallet/impl/nios_proj_bsp//linker.x' -msys-crt0='C:/Users/Class2018/Documents/Projects/Crypto_wallet/impl/nios_proj_bsp//obj/HAL/src/crt0.o' -msys-lib=hal_bsp -LC:/Users/Class2018/Documents/Projects/Crypto_wallet/impl/nios_proj_bsp/  -msmallc  -Wl,-Map=nios_proj.map   -O0 -g -Wall   -mno-hw-div -mno-hw-mul -mno-hw-mulx -mgpopt=global  -o nios_proj.elf obj/default/wallet_bip39.o obj/default/wallet_main.o -lm -msys-lib=m
obj/default/wallet_bip39.o: In function `FchrMnemonicGenerate':
C:\Users\Class2018\Documents\Projects\Crypto_wallet\impl\nios_proj/../../software/Source/wallet_bip39.c:13: undefined reference to `ECchrMenomicWorldListArrPtr'
C:\Users\Class2018\Documents\Projects\Crypto_wallet\impl\nios_proj/../../software/Source/wallet_bip39.c:13: undefined reference to `ECchrMenomicWorldListArrPtr'
obj/default/wallet_main.o: In function `main':
C:\Users\Class2018\Documents\Projects\Crypto_wallet\impl\nios_proj/../../software/Source/wallet_main.c:56: undefined reference to `FchrMenomicGenerate'
collect2.exe: error: ld returned 1 exit status
make: *** [nios_proj.elf] Error 1
20:18:24 **** Incremental Build of configuration Nios II for project nios_proj_bsp ****
make all 
[BSP build complete]
20:19:33 **** Incremental Build of configuration Nios II for project nios_proj ****
make all 
Info: Building C:/Users/Class2018/Documents/Projects/Crypto_wallet/impl/nios_proj_bsp/
C:/intelFPGA_lite/18.1/nios2eds/bin/gnu/H-x86_64-mingw32/bin/make --no-print-directory -C C:/Users/Class2018/Documents/Projects/Crypto_wallet/impl/nios_proj_bsp/
[BSP build complete]
Info: Compiling ../../software/Source/wallet_bip39.c to obj/default/wallet_bip39.o
nios2-elf-gcc -xc -MP -MMD -c -IC:/Users/Class2018/Documents/Projects/Crypto_wallet/impl/nios_proj_bsp//HAL/inc -IC:/Users/Class2018/Documents/Projects/Crypto_wallet/impl/nios_proj_bsp/ -IC:/Users/Class2018/Documents/Projects/Crypto_wallet/impl/nios_proj_bsp//drivers/inc  -pipe -D__hal__ -DALT_NO_INSTRUCTION_EMULATION -DSMALL_C_LIB -DALT_SINGLE_THREADED    -O0 -g -Wall   -mno-hw-div -mno-hw-mul -mno-hw-mulx -mgpopt=global  -o obj/default/wallet_bip39.o ../../software/Source/wallet_bip39.c
../../software/Source/wallet_bip39.c: In function 'FchrMnemonicGenerate':
../../software/Source/wallet_bip39.c:13:13: error: 'ECchrMenomicWorldListArrPtr' undeclared (first use in this function)
      return ECchrMenomicWorldListArrPtr[0];
             ^
../../software/Source/wallet_bip39.c:13:13: note: each undeclared identifier is reported only once for each function it appears in
In file included from ../../software/Source/wallet_bip39.c:2:0:
../../software/Source/wallet_bip39.c: At top level:
../../software/Source/..\Include\wallet_bip39_list.h:15:20: warning: 'ECchrMnemonicWorldListArrPtr' defined but not used [-Wunused-variable]
 static const char *ECchrMnemonicWorldListArrPtr[] = {
                    ^
../../software/Source/wallet_bip39.c: In function 'FchrMnemonicGenerate':
../../software/Source/wallet_bip39.c:15:1: warning: control reaches end of non-void function [-Wreturn-type]
 }
 ^
make: *** [obj/default/wallet_bip39.o] Error 1
20:19:35 **** Incremental Build of configuration Nios II for project nios_proj_bsp ****
make all 
[BSP build complete]
20:20:06 **** Incremental Build of configuration Nios II for project nios_proj ****
make all 
Info: Building C:/Users/Class2018/Documents/Projects/Crypto_wallet/impl/nios_proj_bsp/
C:/intelFPGA_lite/18.1/nios2eds/bin/gnu/H-x86_64-mingw32/bin/make --no-print-directory -C C:/Users/Class2018/Documents/Projects/Crypto_wallet/impl/nios_proj_bsp/
[BSP build complete]
Info: Compiling ../../software/Source/wallet_bip39.c to obj/default/wallet_bip39.o
nios2-elf-gcc -xc -MP -MMD -c -IC:/Users/Class2018/Documents/Projects/Crypto_wallet/impl/nios_proj_bsp//HAL/inc -IC:/Users/Class2018/Documents/Projects/Crypto_wallet/impl/nios_proj_bsp/ -IC:/Users/Class2018/Documents/Projects/Crypto_wallet/impl/nios_proj_bsp//drivers/inc  -pipe -D__hal__ -DALT_NO_INSTRUCTION_EMULATION -DSMALL_C_LIB -DALT_SINGLE_THREADED    -O0 -g -Wall   -mno-hw-div -mno-hw-mul -mno-hw-mulx -mgpopt=global  -o obj/default/wallet_bip39.o ../../software/Source/wallet_bip39.c
Info: Compiling ../../software/Source/wallet_main.c to obj/default/wallet_main.o
nios2-elf-gcc -xc -MP -MMD -c -IC:/Users/Class2018/Documents/Projects/Crypto_wallet/impl/nios_proj_bsp//HAL/inc -IC:/Users/Class2018/Documents/Projects/Crypto_wallet/impl/nios_proj_bsp/ -IC:/Users/Class2018/Documents/Projects/Crypto_wallet/impl/nios_proj_bsp//drivers/inc  -pipe -D__hal__ -DALT_NO_INSTRUCTION_EMULATION -DSMALL_C_LIB -DALT_SINGLE_THREADED    -O0 -g -Wall   -mno-hw-div -mno-hw-mul -mno-hw-mulx -mgpopt=global  -o obj/default/wallet_main.o ../../software/Source/wallet_main.c
../../software/Source/wallet_main.c: In function 'niosTest':
../../software/Source/wallet_main.c:28:12: warning: variable 'buttons' set but not used [-Wunused-but-set-variable]
     alt_u8 buttons;
            ^
../../software/Source/wallet_main.c: In function 'main':
../../software/Source/wallet_main.c:56:28: warning: implicit declaration of function 'FchrMenomicGenerate' [-Wimplicit-function-declaration]
  const char * CchrPhrase = FchrMenomicGenerate(256);
                            ^
../../software/Source/wallet_main.c:56:28: warning: initialization makes pointer from integer without a cast [-Wint-conversion]
Info: Linking nios_proj.elf
nios2-elf-g++  -T'C:/Users/Class2018/Documents/Projects/Crypto_wallet/impl/nios_proj_bsp//linker.x' -msys-crt0='C:/Users/Class2018/Documents/Projects/Crypto_wallet/impl/nios_proj_bsp//obj/HAL/src/crt0.o' -msys-lib=hal_bsp -LC:/Users/Class2018/Documents/Projects/Crypto_wallet/impl/nios_proj_bsp/  -msmallc  -Wl,-Map=nios_proj.map   -O0 -g -Wall   -mno-hw-div -mno-hw-mul -mno-hw-mulx -mgpopt=global  -o nios_proj.elf obj/default/wallet_bip39.o obj/default/wallet_main.o -lm -msys-lib=m
obj/default/wallet_main.o: In function `main':
C:\Users\Class2018\Documents\Projects\Crypto_wallet\impl\nios_proj/../../software/Source/wallet_main.c:56: undefined reference to `FchrMenomicGenerate'
collect2.exe: error: ld returned 1 exit status
make: *** [nios_proj.elf] Error 1
20:20:08 **** Incremental Build of configuration Nios II for project nios_proj_bsp ****
make all 
[BSP build complete]
20:29:59 **** Incremental Build of configuration Nios II for project nios_proj ****
make all 
Info: Building C:/Users/Class2018/Documents/Projects/Crypto_wallet/impl/nios_proj_bsp/
C:/intelFPGA_lite/18.1/nios2eds/bin/gnu/H-x86_64-mingw32/bin/make --no-print-directory -C C:/Users/Class2018/Documents/Projects/Crypto_wallet/impl/nios_proj_bsp/
[BSP build complete]
Info: Compiling ../../software/Source/wallet_bip39.c to obj/default/wallet_bip39.o
nios2-elf-gcc -xc -MP -MMD -c -IC:/Users/Class2018/Documents/Projects/Crypto_wallet/impl/nios_proj_bsp//HAL/inc -IC:/Users/Class2018/Documents/Projects/Crypto_wallet/impl/nios_proj_bsp/ -IC:/Users/Class2018/Documents/Projects/Crypto_wallet/impl/nios_proj_bsp//drivers/inc  -pipe -D__hal__ -DALT_NO_INSTRUCTION_EMULATION -DSMALL_C_LIB -DALT_SINGLE_THREADED    -O0 -g -Wall   -mno-hw-div -mno-hw-mul -mno-hw-mulx -mgpopt=global  -o obj/default/wallet_bip39.o ../../software/Source/wallet_bip39.c
../../software/Source/wallet_bip39.c: In function 'FchrMnemonicGenerate':
../../software/Source/wallet_bip39.c:13:1: warning: control reaches end of non-void function [-Wreturn-type]
 }
 ^
Info: Compiling ../../software/Source/wallet_main.c to obj/default/wallet_main.o
nios2-elf-gcc -xc -MP -MMD -c -IC:/Users/Class2018/Documents/Projects/Crypto_wallet/impl/nios_proj_bsp//HAL/inc -IC:/Users/Class2018/Documents/Projects/Crypto_wallet/impl/nios_proj_bsp/ -IC:/Users/Class2018/Documents/Projects/Crypto_wallet/impl/nios_proj_bsp//drivers/inc  -pipe -D__hal__ -DALT_NO_INSTRUCTION_EMULATION -DSMALL_C_LIB -DALT_SINGLE_THREADED    -O0 -g -Wall   -mno-hw-div -mno-hw-mul -mno-hw-mulx -mgpopt=global  -o obj/default/wallet_main.o ../../software/Source/wallet_main.c
../../software/Source/wallet_main.c: In function 'niosTest':
../../software/Source/wallet_main.c:28:12: warning: variable 'buttons' set but not used [-Wunused-but-set-variable]
     alt_u8 buttons;
            ^
../../software/Source/wallet_main.c: In function 'main':
../../software/Source/wallet_main.c:56:28: warning: implicit declaration of function 'FchrMenomicGenerate' [-Wimplicit-function-declaration]
  const char * CchrPhrase = FchrMenomicGenerate(256);
                            ^
../../software/Source/wallet_main.c:56:28: warning: initialization makes pointer from integer without a cast [-Wint-conversion]
Info: Linking nios_proj.elf
nios2-elf-g++  -T'C:/Users/Class2018/Documents/Projects/Crypto_wallet/impl/nios_proj_bsp//linker.x' -msys-crt0='C:/Users/Class2018/Documents/Projects/Crypto_wallet/impl/nios_proj_bsp//obj/HAL/src/crt0.o' -msys-lib=hal_bsp -LC:/Users/Class2018/Documents/Projects/Crypto_wallet/impl/nios_proj_bsp/  -msmallc  -Wl,-Map=nios_proj.map   -O0 -g -Wall   -mno-hw-div -mno-hw-mul -mno-hw-mulx -mgpopt=global  -o nios_proj.elf obj/default/wallet_bip39.o obj/default/wallet_main.o -lm -msys-lib=m
obj/default/wallet_main.o: In function `main':
C:\Users\Class2018\Documents\Projects\Crypto_wallet\impl\nios_proj/../../software/Source/wallet_main.c:56: undefined reference to `FchrMenomicGenerate'
collect2.exe: error: ld returned 1 exit status
make: *** [nios_proj.elf] Error 1
20:30:02 **** Incremental Build of configuration Nios II for project nios_proj_bsp ****
make all 
[BSP build complete]
20:30:17 **** Incremental Build of configuration Nios II for project nios_proj ****
make all 
Info: Building C:/Users/Class2018/Documents/Projects/Crypto_wallet/impl/nios_proj_bsp/
C:/intelFPGA_lite/18.1/nios2eds/bin/gnu/H-x86_64-mingw32/bin/make --no-print-directory -C C:/Users/Class2018/Documents/Projects/Crypto_wallet/impl/nios_proj_bsp/
[BSP build complete]
Info: Compiling ../../software/Source/wallet_bip39.c to obj/default/wallet_bip39.o
nios2-elf-gcc -xc -MP -MMD -c -IC:/Users/Class2018/Documents/Projects/Crypto_wallet/impl/nios_proj_bsp//HAL/inc -IC:/Users/Class2018/Documents/Projects/Crypto_wallet/impl/nios_proj_bsp/ -IC:/Users/Class2018/Documents/Projects/Crypto_wallet/impl/nios_proj_bsp//drivers/inc  -pipe -D__hal__ -DALT_NO_INSTRUCTION_EMULATION -DSMALL_C_LIB -DALT_SINGLE_THREADED    -O0 -g -Wall   -mno-hw-div -mno-hw-mul -mno-hw-mulx -mgpopt=global  -o obj/default/wallet_bip39.o ../../software/Source/wallet_bip39.c
../../software/Source/wallet_bip39.c:2:31: fatal error: wallet_bip39_list.h: No such file or directory
compilation terminated.
make: *** [obj/default/wallet_bip39.o] Error 1
20:30:18 **** Incremental Build of configuration Nios II for project nios_proj_bsp ****
make all 
[BSP build complete]
20:31:00 **** Incremental Build of configuration Nios II for project nios_proj ****
make all 
Info: Building C:/Users/Class2018/Documents/Projects/Crypto_wallet/impl/nios_proj_bsp/
C:/intelFPGA_lite/18.1/nios2eds/bin/gnu/H-x86_64-mingw32/bin/make --no-print-directory -C C:/Users/Class2018/Documents/Projects/Crypto_wallet/impl/nios_proj_bsp/
[BSP build complete]
Info: Compiling ../../software/Source/wallet_bip39.c to obj/default/wallet_bip39.o
nios2-elf-gcc -xc -MP -MMD -c -IC:/Users/Class2018/Documents/Projects/Crypto_wallet/impl/nios_proj_bsp//HAL/inc -IC:/Users/Class2018/Documents/Projects/Crypto_wallet/impl/nios_proj_bsp/ -IC:/Users/Class2018/Documents/Projects/Crypto_wallet/impl/nios_proj_bsp//drivers/inc  -pipe -D__hal__ -DALT_NO_INSTRUCTION_EMULATION -DSMALL_C_LIB -DALT_SINGLE_THREADED    -O0 -g -Wall   -mno-hw-div -mno-hw-mul -mno-hw-mulx -mgpopt=global  -o obj/default/wallet_bip39.o ../../software/Source/wallet_bip39.c
../../software/Source/wallet_bip39.c:2:31: fatal error: wallet_bip39_list.h: No such file or directory
compilation terminated.
make: *** [obj/default/wallet_bip39.o] Error 1
20:31:02 **** Incremental Build of configuration Nios II for project nios_proj_bsp ****
make all 
[BSP build complete]
20:31:15 **** Incremental Build of configuration Nios II for project nios_proj ****
make all 
Info: Building C:/Users/Class2018/Documents/Projects/Crypto_wallet/impl/nios_proj_bsp/
C:/intelFPGA_lite/18.1/nios2eds/bin/gnu/H-x86_64-mingw32/bin/make --no-print-directory -C C:/Users/Class2018/Documents/Projects/Crypto_wallet/impl/nios_proj_bsp/
[BSP build complete]
Info: Compiling ../../software/Source/wallet_bip39.c to obj/default/wallet_bip39.o
nios2-elf-gcc -xc -MP -MMD -c -IC:/Users/Class2018/Documents/Projects/Crypto_wallet/impl/nios_proj_bsp//HAL/inc -IC:/Users/Class2018/Documents/Projects/Crypto_wallet/impl/nios_proj_bsp/ -IC:/Users/Class2018/Documents/Projects/Crypto_wallet/impl/nios_proj_bsp//drivers/inc  -pipe -D__hal__ -DALT_NO_INSTRUCTION_EMULATION -DSMALL_C_LIB -DALT_SINGLE_THREADED    -O0 -g -Wall   -mno-hw-div -mno-hw-mul -mno-hw-mulx -mgpopt=global  -o obj/default/wallet_bip39.o ../../software/Source/wallet_bip39.c
../../software/Source/wallet_bip39.c: In function 'FchrMnemonicGenerate':
../../software/Source/wallet_bip39.c:13:1: warning: control reaches end of non-void function [-Wreturn-type]
 }
 ^
Info: Linking nios_proj.elf
nios2-elf-g++  -T'C:/Users/Class2018/Documents/Projects/Crypto_wallet/impl/nios_proj_bsp//linker.x' -msys-crt0='C:/Users/Class2018/Documents/Projects/Crypto_wallet/impl/nios_proj_bsp//obj/HAL/src/crt0.o' -msys-lib=hal_bsp -LC:/Users/Class2018/Documents/Projects/Crypto_wallet/impl/nios_proj_bsp/  -msmallc  -Wl,-Map=nios_proj.map   -O0 -g -Wall   -mno-hw-div -mno-hw-mul -mno-hw-mulx -mgpopt=global  -o nios_proj.elf obj/default/wallet_bip39.o obj/default/wallet_main.o -lm -msys-lib=m
obj/default/wallet_main.o: In function `main':
C:\Users\Class2018\Documents\Projects\Crypto_wallet\impl\nios_proj/../../software/Source/wallet_main.c:56: undefined reference to `FchrMenomicGenerate'
collect2.exe: error: ld returned 1 exit status
make: *** [nios_proj.elf] Error 1
20:31:17 **** Incremental Build of configuration Nios II for project nios_proj_bsp ****
make all 
[BSP build complete]
20:31:56 **** Incremental Build of configuration Nios II for project nios_proj ****
make all 
Info: Building C:/Users/Class2018/Documents/Projects/Crypto_wallet/impl/nios_proj_bsp/
C:/intelFPGA_lite/18.1/nios2eds/bin/gnu/H-x86_64-mingw32/bin/make --no-print-directory -C C:/Users/Class2018/Documents/Projects/Crypto_wallet/impl/nios_proj_bsp/
[BSP build complete]
Info: Linking nios_proj.elf
nios2-elf-g++  -T'C:/Users/Class2018/Documents/Projects/Crypto_wallet/impl/nios_proj_bsp//linker.x' -msys-crt0='C:/Users/Class2018/Documents/Projects/Crypto_wallet/impl/nios_proj_bsp//obj/HAL/src/crt0.o' -msys-lib=hal_bsp -LC:/Users/Class2018/Documents/Projects/Crypto_wallet/impl/nios_proj_bsp/  -msmallc  -Wl,-Map=nios_proj.map   -O0 -g -Wall   -mno-hw-div -mno-hw-mul -mno-hw-mulx -mgpopt=global  -o nios_proj.elf obj/default/wallet_bip39.o obj/default/wallet_main.o -lm -msys-lib=m
obj/default/wallet_main.o: In function `main':
C:\Users\Class2018\Documents\Projects\Crypto_wallet\impl\nios_proj/../../software/Source/wallet_main.c:56: undefined reference to `FchrMenomicGenerate'
collect2.exe: error: ld returned 1 exit status
make: *** [nios_proj.elf] Error 1
20:32:00 **** Incremental Build of configuration Nios II for project nios_proj_bsp ****
make all 
[BSP build complete]
