20:13:59 **** Incremental Build of configuration Default for project libbtc ****
make all 
Info: Building ../../impl/nios_proj_bsp
C:/intelFPGA_lite/18.1/nios2eds/bin/gnu/H-x86_64-mingw32/bin/make --no-print-directory -C ../../impl/nios_proj_bsp
[BSP build complete]
Info: Compiling btc/src/commontools.c to obj/default/btc/src/commontools.o
nios2-elf-gcc -xc -MP -MMD -c -Ibtc/include -I../../impl/nios_proj_bsp/HAL/inc -I../../impl/nios_proj_bsp -I../../impl/nios_proj_bsp/drivers/inc  -pipe -D__hal__ -DALT_NO_INSTRUCTION_EMULATION -DALT_SINGLE_THREADED    -O0 -g -Wall   -mno-hw-div -mhw-mul -mno-hw-mulx -mgpopt=global  -o obj/default/btc/src/commontools.o btc/src/commontools.c
btc/src/commontools.c: In function 'hd_print_node':
btc/src/commontools.c:121:12: warning: format '%d' expects argument of type 'int', but argument 2 has type 'uint32_t {aka long unsigned int}' [-Wformat=]
     printf("depth: %d\n", node.depth);
            ^
btc/src/commontools.c:121:12: warning: format '%d' expects argument of type 'int', but argument 2 has type 'uint32_t {aka long unsigned int}' [-Wformat=]
btc/src/commontools.c:122:12: warning: format '%d' expects argument of type 'int', but argument 2 has type 'uint32_t {aka long unsigned int}' [-Wformat=]
     printf("child index: %d\n", node.child_num);
            ^
btc/src/commontools.c:122:12: warning: format '%d' expects argument of type 'int', but argument 2 has type 'uint32_t {aka long unsigned int}' [-Wformat=]
btc/src/commontools.c: In function 'hd_derive':
btc/src/commontools.c:143:12: warning: passing argument 1 of 'printf' makes pointer from integer without a cast [-Wint-conversion]
     printf('1');
            ^
In file included from c:\intelfpga_lite\18.1\nios2eds\bin\gnu\h-x86_64-mingw32\nios2-elf\include\stdio.h:29:0,
                 from btc/src/..\include\btc\btc.h:32,
                 from btc/src/..\include\btc\base58.h:27,
                 from btc/src/commontools.c:7:
c:\intelfpga_lite\18.1\nios2eds\bin\gnu\h-x86_64-mingw32\nios2-elf\include\stdio.h:215:5: note: expected 'const char * restrict' but argument is of type 'int'
 int _EXFUN(printf, (const char *__restrict, ...)
     ^
btc/src/commontools.c:150:12: warning: passing argument 1 of 'printf' makes pointer from integer without a cast [-Wint-conversion]
     printf('2');
            ^
In file included from c:\intelfpga_lite\18.1\nios2eds\bin\gnu\h-x86_64-mingw32\nios2-elf\include\stdio.h:29:0,
                 from btc/src/..\include\btc\btc.h:32,
                 from btc/src/..\include\btc\base58.h:27,
                 from btc/src/commontools.c:7:
c:\intelfpga_lite\18.1\nios2eds\bin\gnu\h-x86_64-mingw32\nios2-elf\include\stdio.h:215:5: note: expected 'const char * restrict' but argument is of type 'int'
 int _EXFUN(printf, (const char *__restrict, ...)
     ^
Info: Archiving obj/default/libbtclib.a
rm -f obj/default/libbtclib.a
mkdir -p obj/default
nios2-elf-ar  -src obj/default/libbtclib.a obj/default/btc/src/aes256_cbc.o obj/default/btc/src/base58.o obj/default/btc/src/bip32.o obj/default/btc/src/block.o obj/default/btc/src/buffer.o obj/default/btc/src/chainparams.o obj/default/btc/src/commontools.o obj/default/btc/src/cstr.o obj/default/btc/src/ctaes.o obj/default/btc/src/ecc_key.o obj/default/btc/src/ecc_libsecp256k1.o obj/default/btc/src/headersdb.o obj/default/btc/src/headersdb_file.o obj/default/btc/src/logdb/logdb_core.o obj/default/btc/src/logdb/logdb_memdb_llist.o obj/default/btc/src/logdb/logdb_memdb_rbtree.o obj/default/btc/src/logdb/logdb_rec.o obj/default/btc/src/logdb/red_black_tree.o obj/default/btc/src/logdb/test/logdb_tests.o obj/default/btc/src/logdb/test/tests_red_black_tree.o obj/default/btc/src/memory.o obj/default/btc/src/net.o obj/default/btc/src/netspv.o obj/default/btc/src/protocol.o obj/default/btc/src/random.o obj/default/btc/src/ripemd160.o obj/default/btc/src/script.o obj/default/btc/src/secp256k1/contrib/lax_der_parsing.o obj/default/btc/src/secp256k1/contrib/lax_der_privatekey_parsing.o obj/default/btc/src/secp256k1/src/bench_ecdh.o obj/default/btc/src/secp256k1/src/bench_internal.o obj/default/btc/src/secp256k1/src/bench_recover.o obj/default/btc/src/secp256k1/src/bench_schnorr_verify.o obj/default/btc/src/secp256k1/src/bench_sign.o obj/default/btc/src/secp256k1/src/bench_verify.o obj/default/btc/src/secp256k1/src/gen_context.o obj/default/btc/src/secp256k1/src/java/org_bitcoin_NativeSecp256k1.o obj/default/btc/src/secp256k1/src/java/org_bitcoin_Secp256k1Context.o obj/default/btc/src/secp256k1/src/secp256k1.o obj/default/btc/src/secp256k1/src/tests.o obj/default/btc/src/segwit_addr.o obj/default/btc/src/serialize.o obj/default/btc/src/sha2.o obj/default/btc/src/tools/bitcoin-send-tx.o obj/default/btc/src/tools/bitcoin-spv.o obj/default/btc/src/tools/bitcointool.o obj/default/btc/src/tx.o obj/default/btc/src/utils.o obj/default/btc/src/vector.o obj/default/btc/src/wallet.o obj/default/btc/test/aes_tests.o obj/default/btc/test/base58check_tests.o obj/default/btc/test/bip32_tests.o obj/default/btc/test/block_tests.o obj/default/btc/test/buffer_tests.o obj/default/btc/test/cstr_tests.o obj/default/btc/test/ecc_tests.o obj/default/btc/test/eckey_tests.o obj/default/btc/test/hash_tests.o obj/default/btc/test/memory_tests.o obj/default/btc/test/net_tests.o obj/default/btc/test/netspv_tests.o obj/default/btc/test/protocol_tests.o obj/default/btc/test/random_tests.o obj/default/btc/test/serialize_tests.o obj/default/btc/test/sha2_tests.o obj/default/btc/test/tool_tests.o obj/default/btc/test/tx_tests.o obj/default/btc/test/unittester.o obj/default/btc/test/utils_tests.o obj/default/btc/test/vector_tests.o obj/default/btc/test/wallet_tests.o obj/default/.force_rearchive
cp -f obj/default/libbtclib.a libbtclib.a

20:14:00 Build Finished (took 1s.754ms)

