01:53:10 **** Incremental Build of configuration Nios II for project nios_proj ****
make all 
Info: Building ../../software/libbtc
C:/intelFPGA_lite/18.1/nios2eds/bin/gnu/H-x86_64-mingw32/bin/make --no-print-directory -C ../../software/libbtc
Info: Building ../../impl/nios_proj_bsp
C:/intelFPGA_lite/18.1/nios2eds/bin/gnu/H-x86_64-mingw32/bin/make --no-print-directory -C ../../impl/nios_proj_bsp
[BSP build complete]
cp -f obj/default/libbtclib.a libbtclib.a
Info: Building C:/Users/Class2018/Documents/Projects/Crypto_wallet/impl/nios_proj_bsp/
C:/intelFPGA_lite/18.1/nios2eds/bin/gnu/H-x86_64-mingw32/bin/make --no-print-directory -C C:/Users/Class2018/Documents/Projects/Crypto_wallet/impl/nios_proj_bsp/
[BSP build complete]
Info: Compiling uart_usb.c to obj/default/uart_usb.o
nios2-elf-gcc -xc -MP -MMD -c -IC:/Users/Class2018/Documents/Projects/Crypto_wallet/impl/nios_proj_bsp//HAL/inc -IC:/Users/Class2018/Documents/Projects/Crypto_wallet/impl/nios_proj_bsp/ -IC:/Users/Class2018/Documents/Projects/Crypto_wallet/impl/nios_proj_bsp//drivers/inc -I../../software/libbtc/btc/include/btc  -pipe -D__hal__ -DALT_NO_INSTRUCTION_EMULATION -DALT_SINGLE_THREADED    -O0 -g -Wall   -mno-hw-div -mhw-mul -mno-hw-mulx -mgpopt=global  -o obj/default/uart_usb.o uart_usb.c
uart_usb.c: In function 'uartGetLine':
uart_usb.c:40:5: warning: implicit declaration of function 'append' [-Wimplicit-function-declaration]
     append(buf, c);
     ^
Info: Linking nios_proj.elf
nios2-elf-g++  -T'C:/Users/Class2018/Documents/Projects/Crypto_wallet/impl/nios_proj_bsp//linker.x' -msys-crt0='C:/Users/Class2018/Documents/Projects/Crypto_wallet/impl/nios_proj_bsp//obj/HAL/src/crt0.o' -msys-lib=hal_bsp -L../../software/libbtc -LC:/Users/Class2018/Documents/Projects/Crypto_wallet/impl/nios_proj_bsp/   -Wl,-Map=nios_proj.map   -O0 -g -Wall   -mno-hw-div -mhw-mul -mno-hw-mulx -mgpopt=global  -o nios_proj.elf obj/default/main.o obj/default/rand.o obj/default/uart_usb.o -lbtclib -lm -msys-lib=m
nios2-elf-insert nios_proj.elf --thread_model hal --cpu_name cpu --qsys true --simulation_enabled false --id 0 --sidp 0x2012060 --timestamp 1549997543 --stderr_dev jtag_uart --stdin_dev jtag_uart --stdout_dev jtag_uart --sopc_system_name crypto_wallet2_nios_fast --quartus_project_dir "c:/Users/Class2018/Documents/Projects/Crypto_wallet/impl/qsys" --sopcinfo c:/Users/Class2018/Documents/Projects/Crypto_wallet/impl/nios_proj_bsp/../qsys/crypto_wallet2_nios_fast.sopcinfo
Info: (nios_proj.elf) 379 KBytes program size (code + initialized data).
Info:                 32380 KBytes free for stack + heap.
Info: Creating nios_proj.objdump
nios2-elf-objdump --disassemble --syms --all-header --source nios_proj.elf >nios_proj.objdump
[nios_proj build complete]

01:53:15 Build Finished (took 5s.251ms)

